<?xml version="1.0" encoding="UTF-8"?>
<!-- Generated by org.testng.reporters.JUnitXMLReporter -->
<testsuite ignored="0" hostname="LAPTOP-E00FH6K0" failures="2" tests="14" name="Test8" time="129.052" errors="0" timestamp="2023-01-26T16:04:16 ICT">
  <testcase classname="surat_jalan_delivery_order.Freight_13" name="createSJN" time="40.665"/>
  <testcase classname="surat_jalan_delivery_order.Freight_13" name="verifyBeratKg" time="0.017"/>
  <testcase classname="surat_jalan_delivery_order.Freight_13" name="verifySubtotal" time="0.001"/>
  <testcase classname="surat_jalan_delivery_order.Freight_13" name="saveSJN" time="4.42"/>
  <testcase classname="surat_jalan_delivery_order.Freight_13" name="verifyWorkOrderStatus_Box" time="12.454">
    <failure type="org.openqa.selenium.TimeoutException" message="Expected condition failed: waiting for element to be clickable: By.xpath: (//a[contains(text(), &amp;apos;View&amp;apos;)])[1] (tried for 10 second(s) with 500 milliseconds interval)
Build info: version: &amp;apos;4.4.0&amp;apos;, revision: &amp;apos;e5c75ed026a&amp;apos;
System info: host: &amp;apos;LAPTOP-E00FH6K0&amp;apos;, ip: &amp;apos;172.21.32.1&amp;apos;, os.name: &amp;apos;Windows 11&amp;apos;, os.arch: &amp;apos;amd64&amp;apos;, os.version: &amp;apos;10.0&amp;apos;, java.version: &amp;apos;11.0.16.1&amp;apos;
Driver info: org.openqa.selenium.chrome.ChromeDriver
Capabilities {acceptInsecureCerts: false, browserName: chrome, browserVersion: 109.0.5414.120, chrome: {chromedriverVersion: 109.0.5414.74 (e7c5703604da..., userDataDir: C:\Users\Shelly\AppData\Loc...}, goog:chromeOptions: {debuggerAddress: localhost:61326}, networkConnectionEnabled: false, pageLoadStrategy: normal, platformName: WINDOWS, proxy: Proxy(), se:cdp: ws://localhost:61326/devtoo..., se:cdpVersion: 109.0.5414.120, setWindowRect: true, strictFileInteractability: false, timeouts: {implicit: 0, pageLoad: 300000, script: 30000}, unhandledPromptBehavior: dismiss and notify, webauthn:extension:credBlob: true, webauthn:extension:largeBlob: true, webauthn:virtualAuthenticators: true}
Session ID: 2ba95d48c1d80d52e1abfb9cf4f691ef">
      <![CDATA[org.openqa.selenium.TimeoutException: Expected condition failed: waiting for element to be clickable: By.xpath: (//a[contains(text(), 'View')])[1] (tried for 10 second(s) with 500 milliseconds interval)
Build info: version: '4.4.0', revision: 'e5c75ed026a'
System info: host: 'LAPTOP-E00FH6K0', ip: '172.21.32.1', os.name: 'Windows 11', os.arch: 'amd64', os.version: '10.0', java.version: '11.0.16.1'
Driver info: org.openqa.selenium.chrome.ChromeDriver
Capabilities {acceptInsecureCerts: false, browserName: chrome, browserVersion: 109.0.5414.120, chrome: {chromedriverVersion: 109.0.5414.74 (e7c5703604da..., userDataDir: C:\Users\Shelly\AppData\Loc...}, goog:chromeOptions: {debuggerAddress: localhost:61326}, networkConnectionEnabled: false, pageLoadStrategy: normal, platformName: WINDOWS, proxy: Proxy(), se:cdp: ws://localhost:61326/devtoo..., se:cdpVersion: 109.0.5414.120, setWindowRect: true, strictFileInteractability: false, timeouts: {implicit: 0, pageLoad: 300000, script: 30000}, unhandledPromptBehavior: dismiss and notify, webauthn:extension:credBlob: true, webauthn:extension:largeBlob: true, webauthn:virtualAuthenticators: true}
Session ID: 2ba95d48c1d80d52e1abfb9cf4f691ef
at org.openqa.selenium.support.ui.WebDriverWait.timeoutException(WebDriverWait.java:87)
at org.openqa.selenium.support.ui.FluentWait.until(FluentWait.java:231)
at pages.WorkOrderPage.click_filter(WorkOrderPage.java:46)
at surat_jalan_delivery_order.Freight_13.verifyWorkOrderStatus_Box(Freight_13.java:221)
at java.base/java.util.ArrayList.forEach(ArrayList.java:1541)
... Removed 27 stack frames]]>
    </failure>
  </testcase> <!-- verifyWorkOrderStatus_Box -->
  <testcase classname="surat_jalan_delivery_order.Freight_13" name="verifyWorkOrderStatus_Partisi" time="0.035">
    <failure type="org.openqa.selenium.NoSuchElementException" message="no such element: Unable to locate element: {&amp;quot;method&amp;quot;:&amp;quot;xpath&amp;quot;,&amp;quot;selector&amp;quot;:&amp;quot;//tbody//td[5][contains(text(),&amp;apos;PARTISI&amp;apos;)]//following::td[5]&amp;quot;}
  (Session info: chrome=109.0.5414.120)
For documentation on this error, please visit: https://selenium.dev/exceptions/#no_such_element
Build info: version: &amp;apos;4.4.0&amp;apos;, revision: &amp;apos;e5c75ed026a&amp;apos;
System info: host: &amp;apos;LAPTOP-E00FH6K0&amp;apos;, ip: &amp;apos;172.21.32.1&amp;apos;, os.name: &amp;apos;Windows 11&amp;apos;, os.arch: &amp;apos;amd64&amp;apos;, os.version: &amp;apos;10.0&amp;apos;, java.version: &amp;apos;11.0.16.1&amp;apos;
Driver info: org.openqa.selenium.chrome.ChromeDriver
Command: [2ba95d48c1d80d52e1abfb9cf4f691ef, findElement {using=xpath, value=//tbody//td[5][contains(text(),&amp;apos;PARTISI&amp;apos;)]//following::td[5]}]
Capabilities {acceptInsecureCerts: false, browserName: chrome, browserVersion: 109.0.5414.120, chrome: {chromedriverVersion: 109.0.5414.74 (e7c5703604da..., userDataDir: C:\Users\Shelly\AppData\Loc...}, goog:chromeOptions: {debuggerAddress: localhost:61326}, networkConnectionEnabled: false, pageLoadStrategy: normal, platformName: WINDOWS, proxy: Proxy(), se:cdp: ws://localhost:61326/devtoo..., se:cdpVersion: 109.0.5414.120, setWindowRect: true, strictFileInteractability: false, timeouts: {implicit: 0, pageLoad: 300000, script: 30000}, unhandledPromptBehavior: dismiss and notify, webauthn:extension:credBlob: true, webauthn:extension:largeBlob: true, webauthn:virtualAuthenticators: true}
Session ID: 2ba95d48c1d80d52e1abfb9cf4f691ef">
      <![CDATA[org.openqa.selenium.NoSuchElementException: no such element: Unable to locate element: {"method":"xpath","selector":"//tbody//td[5][contains(text(),'PARTISI')]//following::td[5]"}
  (Session info: chrome=109.0.5414.120)
For documentation on this error, please visit: https://selenium.dev/exceptions/#no_such_element
Build info: version: '4.4.0', revision: 'e5c75ed026a'
System info: host: 'LAPTOP-E00FH6K0', ip: '172.21.32.1', os.name: 'Windows 11', os.arch: 'amd64', os.version: '10.0', java.version: '11.0.16.1'
Driver info: org.openqa.selenium.chrome.ChromeDriver
Command: [2ba95d48c1d80d52e1abfb9cf4f691ef, findElement {using=xpath, value=//tbody//td[5][contains(text(),'PARTISI')]//following::td[5]}]
Capabilities {acceptInsecureCerts: false, browserName: chrome, browserVersion: 109.0.5414.120, chrome: {chromedriverVersion: 109.0.5414.74 (e7c5703604da..., userDataDir: C:\Users\Shelly\AppData\Loc...}, goog:chromeOptions: {debuggerAddress: localhost:61326}, networkConnectionEnabled: false, pageLoadStrategy: normal, platformName: WINDOWS, proxy: Proxy(), se:cdp: ws://localhost:61326/devtoo..., se:cdpVersion: 109.0.5414.120, setWindowRect: true, strictFileInteractability: false, timeouts: {implicit: 0, pageLoad: 300000, script: 30000}, unhandledPromptBehavior: dismiss and notify, webauthn:extension:credBlob: true, webauthn:extension:largeBlob: true, webauthn:virtualAuthenticators: true}
Session ID: 2ba95d48c1d80d52e1abfb9cf4f691ef
at org.openqa.selenium.remote.codec.w3c.W3CHttpResponseCodec.createException(W3CHttpResponseCodec.java:200)
at org.openqa.selenium.remote.codec.w3c.W3CHttpResponseCodec.decode(W3CHttpResponseCodec.java:133)
at org.openqa.selenium.remote.codec.w3c.W3CHttpResponseCodec.decode(W3CHttpResponseCodec.java:53)
at org.openqa.selenium.remote.HttpCommandExecutor.execute(HttpCommandExecutor.java:184)
at org.openqa.selenium.remote.service.DriverCommandExecutor.invokeExecute(DriverCommandExecutor.java:167)
at org.openqa.selenium.remote.service.DriverCommandExecutor.execute(DriverCommandExecutor.java:142)
at org.openqa.selenium.remote.RemoteWebDriver.execute(RemoteWebDriver.java:547)
at org.openqa.selenium.remote.ElementLocation$ElementFinder$2.findElement(ElementLocation.java:162)
at org.openqa.selenium.remote.ElementLocation.findElement(ElementLocation.java:60)
at org.openqa.selenium.remote.RemoteWebDriver.findElement(RemoteWebDriver.java:365)
at org.openqa.selenium.remote.RemoteWebDriver.findElement(RemoteWebDriver.java:357)
at pages.WorkOrderPage.get_statusWOPartisi(WorkOrderPage.java:102)
at surat_jalan_delivery_order.Freight_13.verifyWorkOrderStatus_Partisi(Freight_13.java:230)
at java.base/java.util.ArrayList.forEach(ArrayList.java:1541)
... Removed 30 stack frames]]>
    </failure>
  </testcase> <!-- verifyWorkOrderStatus_Partisi -->
  <testcase classname="surat_jalan_delivery_order.Freight_13" name="verifySOLStatus_box" time="22.851"/>
  <testcase classname="surat_jalan_delivery_order.Freight_13" name="verifySOLOutstanding_box" time="1.054"/>
  <testcase classname="surat_jalan_delivery_order.Freight_13" name="verifySOLStatus_partisi" time="1.047"/>
  <testcase classname="surat_jalan_delivery_order.Freight_13" name="verifySOLOutstanding_partisi" time="1.039"/>
  <testcase classname="surat_jalan_delivery_order.Freight_13" name="verifyNotaPenjualan" time="20.424"/>
  <testcase classname="surat_jalan_delivery_order.Freight_13" name="verifyStockBalance_box" time="14.935"/>
  <testcase classname="surat_jalan_delivery_order.Freight_13" name="verifyStockBalance_partisi1" time="0.041"/>
  <testcase classname="surat_jalan_delivery_order.Freight_13" name="verifyStockBalance_partisi2" time="0.03"/>
</testsuite> <!-- Test8 -->
