<?xml version="1.0" encoding="UTF-8"?>
<!-- Generated by org.testng.reporters.JUnitXMLReporter -->
<testsuite ignored="0" hostname="LAPTOP-E00FH6K0" failures="0" tests="14" name="Test9" time="17.456" errors="0" timestamp="2023-01-26T16:04:34 ICT">
  <testcase classname="surat_jalan_delivery_order.Freight_63" name="@BeforeTest setUpTest" time="16.733">
    <failure type="org.openqa.selenium.TimeoutException" message="Expected condition failed: waiting for element to be clickable: By.xpath: //div[contains(text(),&amp;apos;SPK Rework Request Approval&amp;apos;)] (tried for 10 second(s) with 500 milliseconds interval)
Build info: version: &amp;apos;4.4.0&amp;apos;, revision: &amp;apos;e5c75ed026a&amp;apos;
System info: host: &amp;apos;LAPTOP-E00FH6K0&amp;apos;, ip: &amp;apos;172.21.32.1&amp;apos;, os.name: &amp;apos;Windows 11&amp;apos;, os.arch: &amp;apos;amd64&amp;apos;, os.version: &amp;apos;10.0&amp;apos;, java.version: &amp;apos;11.0.16.1&amp;apos;
Driver info: org.openqa.selenium.chrome.ChromeDriver
Capabilities {acceptInsecureCerts: false, browserName: chrome, browserVersion: 109.0.5414.120, chrome: {chromedriverVersion: 109.0.5414.74 (e7c5703604da..., userDataDir: C:\Users\Shelly\AppData\Loc...}, goog:chromeOptions: {debuggerAddress: localhost:61408}, networkConnectionEnabled: false, pageLoadStrategy: normal, platformName: WINDOWS, proxy: Proxy(), se:cdp: ws://localhost:61408/devtoo..., se:cdpVersion: 109.0.5414.120, setWindowRect: true, strictFileInteractability: false, timeouts: {implicit: 0, pageLoad: 300000, script: 30000}, unhandledPromptBehavior: dismiss and notify, webauthn:extension:credBlob: true, webauthn:extension:largeBlob: true, webauthn:virtualAuthenticators: true}
Session ID: ad63504c557070527c2a6fbb5fda9836">
      <![CDATA[org.openqa.selenium.TimeoutException: Expected condition failed: waiting for element to be clickable: By.xpath: //div[contains(text(),'SPK Rework Request Approval')] (tried for 10 second(s) with 500 milliseconds interval)
Build info: version: '4.4.0', revision: 'e5c75ed026a'
System info: host: 'LAPTOP-E00FH6K0', ip: '172.21.32.1', os.name: 'Windows 11', os.arch: 'amd64', os.version: '10.0', java.version: '11.0.16.1'
Driver info: org.openqa.selenium.chrome.ChromeDriver
Capabilities {acceptInsecureCerts: false, browserName: chrome, browserVersion: 109.0.5414.120, chrome: {chromedriverVersion: 109.0.5414.74 (e7c5703604da..., userDataDir: C:\Users\Shelly\AppData\Loc...}, goog:chromeOptions: {debuggerAddress: localhost:61408}, networkConnectionEnabled: false, pageLoadStrategy: normal, platformName: WINDOWS, proxy: Proxy(), se:cdp: ws://localhost:61408/devtoo..., se:cdpVersion: 109.0.5414.120, setWindowRect: true, strictFileInteractability: false, timeouts: {implicit: 0, pageLoad: 300000, script: 30000}, unhandledPromptBehavior: dismiss and notify, webauthn:extension:credBlob: true, webauthn:extension:largeBlob: true, webauthn:virtualAuthenticators: true}
Session ID: ad63504c557070527c2a6fbb5fda9836
at org.openqa.selenium.support.ui.WebDriverWait.timeoutException(WebDriverWait.java:87)
at org.openqa.selenium.support.ui.FluentWait.until(FluentWait.java:231)
at pages.Home.waitCardToBeClickable(Home.java:30)
at surat_jalan_delivery_order.Freight_63.setUpTest(Freight_63.java:122)
... Removed 24 stack frames]]>
    </failure>
  </testcase> <!-- @BeforeTest setUpTest -->
  <testcase classname="surat_jalan_delivery_order.Freight_63" name="@AfterTest tearDownTest" time="-1.674723874397E9">
    <skipped/>
  </testcase> <!-- @AfterTest tearDownTest -->
  <testcase classname="surat_jalan_delivery_order.Freight_63" name="createSJRandVerifySubtotal" time="0.0">
    <skipped/>
  </testcase> <!-- createSJRandVerifySubtotal -->
  <testcase classname="surat_jalan_delivery_order.Freight_63" name="verifySubtotal" time="0.0">
    <skipped/>
  </testcase> <!-- verifySubtotal -->
  <testcase classname="surat_jalan_delivery_order.Freight_63" name="saveSJN" time="0.0">
    <skipped/>
  </testcase> <!-- saveSJN -->
  <testcase classname="surat_jalan_delivery_order.Freight_63" name="approvalSJR" time="0.0">
    <skipped/>
  </testcase> <!-- approvalSJR -->
  <testcase classname="surat_jalan_delivery_order.Freight_63" name="verifyWorkOrderStatus_Box" time="0.0">
    <skipped/>
  </testcase> <!-- verifyWorkOrderStatus_Box -->
  <testcase classname="surat_jalan_delivery_order.Freight_63" name="verifyWorkOrderStatus_Partisi" time="0.0">
    <skipped/>
  </testcase> <!-- verifyWorkOrderStatus_Partisi -->
  <testcase classname="surat_jalan_delivery_order.Freight_63" name="verifySOLStatus_box" time="0.0">
    <skipped/>
  </testcase> <!-- verifySOLStatus_box -->
  <testcase classname="surat_jalan_delivery_order.Freight_63" name="verifySOLOutstanding_box" time="0.0">
    <skipped/>
  </testcase> <!-- verifySOLOutstanding_box -->
  <testcase classname="surat_jalan_delivery_order.Freight_63" name="verifySOLStatus_partisi" time="0.0">
    <skipped/>
  </testcase> <!-- verifySOLStatus_partisi -->
  <testcase classname="surat_jalan_delivery_order.Freight_63" name="verifySOLOutstanding_partisi" time="0.0">
    <skipped/>
  </testcase> <!-- verifySOLOutstanding_partisi -->
  <testcase classname="surat_jalan_delivery_order.Freight_63" name="verifyNotaReturPenjualan" time="0.0">
    <skipped/>
  </testcase> <!-- verifyNotaReturPenjualan -->
  <testcase classname="surat_jalan_delivery_order.Freight_63" name="verifyStockBalance_box" time="0.0">
    <skipped/>
  </testcase> <!-- verifyStockBalance_box -->
  <testcase classname="surat_jalan_delivery_order.Freight_63" name="verifyStockBalance_partisi1" time="0.0">
    <skipped/>
  </testcase> <!-- verifyStockBalance_partisi1 -->
  <testcase classname="surat_jalan_delivery_order.Freight_63" name="verifyStockBalance_partisi2" time="0.0">
    <skipped/>
  </testcase> <!-- verifyStockBalance_partisi2 -->
</testsuite> <!-- Test9 -->
