{"uuid":"7cac9ac4-8b3d-42d6-a4af-70ef694146e5","name":"Test1","children":["e113cfba-6dd7-480f-8b4e-1aed3441298a","d14a6fcb-23f9-4f55-b197-22dd2e676da7","60ddeebe-9aca-456a-a5f7-6d976e196453","6a2c48ac-d4b7-4b7c-a86a-89f583b3c44e","fa64138a-2b38-480e-a548-cce4255fbda9","510ade18-693b-44c5-a21a-177f496ed3aa","37cf807a-e51b-4304-af3f-c436b90177ee","45120756-22fc-4a5d-b014-e8262e3cd4ed","7cf8ac85-d61d-4398-af53-bffd5b8881a8","b2722615-308a-4007-98d9-b4db1dd8d0d9","d9476431-c187-4f96-85e3-06ee8da38961","f961efe8-4b04-4675-99e8-f5365d0abf61","6fc1997b-96f0-42ec-a6fd-61c6ea49c463","dc374ab1-8e08-4fdb-80b7-a1098282eb81","8733e90b-37e7-44d1-a04a-858a716fb137","eef16fdb-8e86-4e2a-9829-f28f1f118e01","450ebfb7-8233-4e18-b056-29f49095b70f","6390d80c-cccd-49fa-8e7e-7ce9e6952423","104665ad-4da8-4b5e-9cfb-930fefa4337c","9db8423b-9e36-45ef-b6b8-34f1730f6ab2","409b19a0-e6ed-4ec4-9883-30516b920f68","e05d8c19-f725-42dd-8229-f6a827352697","0ece59b4-1b13-42fa-8c90-1ab32268277c","0903f1f2-a69d-4115-86de-9b58827d4e96","a30f96ba-d7b0-4aa8-a32f-da2978854823","0312ce31-e87e-4c24-bae6-15bf93699c25"],"befores":[{"name":"setUpTest","status":"passed","stage":"finished","description":"","steps":[],"attachments":[],"parameters":[],"start":1674385069084,"stop":1674385100143},{"name":"setUpTest","status":"passed","stage":"finished","description":"","steps":[],"attachments":[],"parameters":[],"start":1674385100145,"stop":1674385107048},{"name":"setUpTest","status":"broken","statusDetails":{"known":false,"muted":false,"flaky":false,"message":"Expected condition failed: waiting for element to be clickable: By.xpath: //div[contains(text(),'SPK Rework Request Approval')] (tried for 10 second(s) with 500 milliseconds interval)","trace":"org.openqa.selenium.TimeoutException: Expected condition failed: waiting for element to be clickable: By.xpath: //div[contains(text(),'SPK Rework Request Approval')] (tried for 10 second(s) with 500 milliseconds interval)\r\n\tat org.openqa.selenium.support.ui.WebDriverWait.timeoutException(WebDriverWait.java:87)\r\n\tat org.openqa.selenium.support.ui.FluentWait.until(FluentWait.java:231)\r\n\tat pages.Home.waitCardToBeClickable(Home.java:23)\r\n\tat work_order_spk.VerifyCalculatedValuesinWorkOrder_boxpartisi1partisi2.setUpTest(VerifyCalculatedValuesinWorkOrder_boxpartisi1partisi2.java:71)\r\n\tat java.base/jdk.internal.reflect.NativeMethodAccessorImpl.invoke0(Native Method)\r\n\tat java.base/jdk.internal.reflect.NativeMethodAccessorImpl.invoke(NativeMethodAccessorImpl.java:62)\r\n\tat java.base/jdk.internal.reflect.DelegatingMethodAccessorImpl.invoke(DelegatingMethodAccessorImpl.java:43)\r\n\tat java.base/java.lang.reflect.Method.invoke(Method.java:566)\r\n\tat org.testng.internal.MethodInvocationHelper.invokeMethod(MethodInvocationHelper.java:133)\r\n\tat org.testng.internal.MethodInvocationHelper.invokeMethodConsideringTimeout(MethodInvocationHelper.java:62)\r\n\tat org.testng.internal.ConfigInvoker.invokeConfigurationMethod(ConfigInvoker.java:385)\r\n\tat org.testng.internal.ConfigInvoker.invokeConfigurations(ConfigInvoker.java:321)\r\n\tat org.testng.TestRunner.invokeTestConfigurations(TestRunner.java:637)\r\n\tat org.testng.TestRunner.beforeRun(TestRunner.java:627)\r\n\tat org.testng.TestRunner.run(TestRunner.java:589)\r\n\tat org.testng.SuiteRunner.runTest(SuiteRunner.java:377)\r\n\tat org.testng.SuiteRunner.runSequentially(SuiteRunner.java:371)\r\n\tat org.testng.SuiteRunner.privateRun(SuiteRunner.java:332)\r\n\tat org.testng.SuiteRunner.run(SuiteRunner.java:276)\r\n\tat org.testng.SuiteRunnerWorker.runSuite(SuiteRunnerWorker.java:53)\r\n\tat org.testng.SuiteRunnerWorker.run(SuiteRunnerWorker.java:96)\r\n\tat org.testng.TestNG.runSuitesSequentially(TestNG.java:1212)\r\n\tat org.testng.TestNG.runSuitesLocally(TestNG.java:1134)\r\n\tat org.testng.TestNG.runSuites(TestNG.java:1063)\r\n\tat org.testng.TestNG.run(TestNG.java:1031)\r\n\tat org.testng.remote.AbstractRemoteTestNG.run(AbstractRemoteTestNG.java:115)\r\n\tat org.testng.remote.RemoteTestNG.initAndRun(RemoteTestNG.java:251)\r\n\tat org.testng.remote.RemoteTestNG.main(RemoteTestNG.java:77)\r\nCaused by: org.openqa.selenium.NoSuchWindowException: no such window: target window already closed\nfrom unknown error: web view not found\n  (Session info: chrome=109.0.5414.75)\nBuild info: version: '4.4.0', revision: 'e5c75ed026a'\nSystem info: host: 'LAPTOP-E00FH6K0', ip: '172.21.32.1', os.name: 'Windows 11', os.arch: 'amd64', os.version: '10.0', java.version: '11.0.16.1'\nDriver info: org.openqa.selenium.chrome.ChromeDriver\nCommand: [7567331676ad2f0180801ca99a527ef8, findElement {using=xpath, value=//div[contains(text(),'SPK Rework Request Approval')]}]\nCapabilities {acceptInsecureCerts: false, browserName: chrome, browserVersion: 109.0.5414.75, chrome: {chromedriverVersion: 109.0.5414.74 (e7c5703604da..., userDataDir: C:\\Users\\Shelly\\AppData\\Loc...}, goog:chromeOptions: {debuggerAddress: localhost:60880}, networkConnectionEnabled: false, pageLoadStrategy: normal, platformName: WINDOWS, proxy: Proxy(), se:cdp: ws://localhost:60880/devtoo..., se:cdpVersion: 109.0.5414.75, setWindowRect: true, strictFileInteractability: false, timeouts: {implicit: 0, pageLoad: 300000, script: 30000}, unhandledPromptBehavior: dismiss and notify, webauthn:extension:credBlob: true, webauthn:extension:largeBlob: true, webauthn:virtualAuthenticators: true}\nSession ID: 7567331676ad2f0180801ca99a527ef8\r\n\tat jdk.internal.reflect.GeneratedConstructorAccessor14.newInstance(Unknown Source)\r\n\tat java.base/jdk.internal.reflect.DelegatingConstructorAccessorImpl.newInstance(DelegatingConstructorAccessorImpl.java:45)\r\n\tat java.base/java.lang.reflect.Constructor.newInstance(Constructor.java:490)\r\n\tat org.openqa.selenium.remote.codec.w3c.W3CHttpResponseCodec.createException(W3CHttpResponseCodec.java:200)\r\n\tat org.openqa.selenium.remote.codec.w3c.W3CHttpResponseCodec.decode(W3CHttpResponseCodec.java:133)\r\n\tat org.openqa.selenium.remote.codec.w3c.W3CHttpResponseCodec.decode(W3CHttpResponseCodec.java:53)\r\n\tat org.openqa.selenium.remote.HttpCommandExecutor.execute(HttpCommandExecutor.java:184)\r\n\tat org.openqa.selenium.remote.service.DriverCommandExecutor.invokeExecute(DriverCommandExecutor.java:167)\r\n\tat org.openqa.selenium.remote.service.DriverCommandExecutor.execute(DriverCommandExecutor.java:142)\r\n\tat org.openqa.selenium.remote.RemoteWebDriver.execute(RemoteWebDriver.java:547)\r\n\tat org.openqa.selenium.remote.ElementLocation$ElementFinder$2.findElement(ElementLocation.java:162)\r\n\tat org.openqa.selenium.remote.ElementLocation.findElement(ElementLocation.java:60)\r\n\tat org.openqa.selenium.remote.RemoteWebDriver.findElement(RemoteWebDriver.java:365)\r\n\tat org.openqa.selenium.remote.RemoteWebDriver.findElement(RemoteWebDriver.java:357)\r\n\tat org.openqa.selenium.support.ui.ExpectedConditions$7.apply(ExpectedConditions.java:197)\r\n\tat org.openqa.selenium.support.ui.ExpectedConditions$7.apply(ExpectedConditions.java:193)\r\n\tat org.openqa.selenium.support.ui.ExpectedConditions$22.apply(ExpectedConditions.java:631)\r\n\tat org.openqa.selenium.support.ui.ExpectedConditions$22.apply(ExpectedConditions.java:628)\r\n\tat org.openqa.selenium.support.ui.FluentWait.until(FluentWait.java:208)\r\n\t... 26 more\r\n"},"stage":"finished","description":"","steps":[],"attachments":[],"parameters":[],"start":1674385107048,"stop":1674385126966}],"afters":[{"name":"tearDownTest","status":"broken","stage":"finished","description":"","steps":[],"attachments":[],"parameters":[],"start":1674385127906,"stop":1674385127906},{"name":"tearDownTest","status":"broken","stage":"finished","description":"","steps":[],"attachments":[],"parameters":[],"start":1674385127907,"stop":1674385127907},{"name":"tearDownTest","status":"broken","stage":"finished","description":"","steps":[],"attachments":[],"parameters":[],"start":1674385127908,"stop":1674385127908}],"start":1674385069027,"stop":1674385127983}