{"uuid":"a0934c75-7f15-4778-8b9f-54d23b219d2a","name":"Test1","children":["8b0f7ff0-152a-42ab-9d99-7cb1451769a2","fe78f4e5-c58d-4a21-b9fe-1b45787c5ff6","97975542-0274-4239-8eba-ce999723e20b","5efe9e8b-ab57-4674-a4dd-9510215f30ab","416c1e7c-35b7-4c24-8029-4433f9cb4326","ae4776e2-4386-4e86-9635-c88434850741","8f1bf68c-fe3f-4648-9efd-9403742fb117","7569ad19-272b-4c5e-bcaa-13c21b2ac87e","820af7f5-8d2a-406e-8f3f-ba3865a478a8","01c2724b-ce69-4668-acd2-3fd0c3315189","408ec109-d012-4793-9445-b9e1ea503a8b","1e8f0036-6478-4da3-80b4-62106db6b995","ec0ea9fa-076c-4065-a9a8-1b9939dd49c5","03136bde-bbd7-4ac5-a4ae-d8d2f07e39b6","4a9e0e5d-cf4a-4949-be74-5df4e24bbc5f","f37867d9-0c31-4aee-ba37-00a1495f3dae","ae99207d-1a29-4aee-bf46-f71dafb72d23","9f751720-aca5-42d3-a8ae-66cfaf9fd549","b04b2af8-573b-4ba8-b479-2aba42d1ea23","cd3613d9-8fd6-4640-9341-66ca3264af9f","c7657107-e71b-4502-b3b9-7300dc835e0f","fc55345f-db64-4db7-8777-1da0d1b4678e","5d51965d-c726-49bf-adbc-5b054b9af84a","3b1bff3a-bbba-491d-8122-298a1f4c46bc","e22e4cfc-1558-4462-90c4-26d35916072f","f8186251-d5b3-47e9-a356-360798ee0d90"],"befores":[{"name":"setUpTest","status":"passed","stage":"finished","description":"","steps":[],"attachments":[],"parameters":[],"start":1674385201938,"stop":1674385225427},{"name":"setUpTest","status":"passed","stage":"finished","description":"","steps":[],"attachments":[],"parameters":[],"start":1674385225429,"stop":1674385231036},{"name":"setUpTest","status":"broken","statusDetails":{"known":false,"muted":false,"flaky":false,"message":"Expected condition failed: waiting for element to be clickable: By.xpath: //div[contains(text(),'SPK Rework Request Approval')] (tried for 10 second(s) with 500 milliseconds interval)","trace":"org.openqa.selenium.TimeoutException: Expected condition failed: waiting for element to be clickable: By.xpath: //div[contains(text(),'SPK Rework Request Approval')] (tried for 10 second(s) with 500 milliseconds interval)\r\n\tat org.openqa.selenium.support.ui.WebDriverWait.timeoutException(WebDriverWait.java:87)\r\n\tat org.openqa.selenium.support.ui.FluentWait.until(FluentWait.java:231)\r\n\tat pages.Home.waitCardToBeClickable(Home.java:23)\r\n\tat work_order_spk.VerifyCalculatedValuesinWorkOrder_boxpartisi1partisi2.setUpTest(VerifyCalculatedValuesinWorkOrder_boxpartisi1partisi2.java:71)\r\n\tat java.base/jdk.internal.reflect.NativeMethodAccessorImpl.invoke0(Native Method)\r\n\tat java.base/jdk.internal.reflect.NativeMethodAccessorImpl.invoke(NativeMethodAccessorImpl.java:62)\r\n\tat java.base/jdk.internal.reflect.DelegatingMethodAccessorImpl.invoke(DelegatingMethodAccessorImpl.java:43)\r\n\tat java.base/java.lang.reflect.Method.invoke(Method.java:566)\r\n\tat org.testng.internal.MethodInvocationHelper.invokeMethod(MethodInvocationHelper.java:133)\r\n\tat org.testng.internal.MethodInvocationHelper.invokeMethodConsideringTimeout(MethodInvocationHelper.java:62)\r\n\tat org.testng.internal.ConfigInvoker.invokeConfigurationMethod(ConfigInvoker.java:385)\r\n\tat org.testng.internal.ConfigInvoker.invokeConfigurations(ConfigInvoker.java:321)\r\n\tat org.testng.TestRunner.invokeTestConfigurations(TestRunner.java:637)\r\n\tat org.testng.TestRunner.beforeRun(TestRunner.java:627)\r\n\tat org.testng.TestRunner.run(TestRunner.java:589)\r\n\tat org.testng.SuiteRunner.runTest(SuiteRunner.java:377)\r\n\tat org.testng.SuiteRunner.runSequentially(SuiteRunner.java:371)\r\n\tat org.testng.SuiteRunner.privateRun(SuiteRunner.java:332)\r\n\tat org.testng.SuiteRunner.run(SuiteRunner.java:276)\r\n\tat org.testng.SuiteRunnerWorker.runSuite(SuiteRunnerWorker.java:53)\r\n\tat org.testng.SuiteRunnerWorker.run(SuiteRunnerWorker.java:96)\r\n\tat org.testng.TestNG.runSuitesSequentially(TestNG.java:1212)\r\n\tat org.testng.TestNG.runSuitesLocally(TestNG.java:1134)\r\n\tat org.testng.TestNG.runSuites(TestNG.java:1063)\r\n\tat org.testng.TestNG.run(TestNG.java:1031)\r\n\tat org.testng.remote.AbstractRemoteTestNG.run(AbstractRemoteTestNG.java:115)\r\n\tat org.testng.remote.RemoteTestNG.initAndRun(RemoteTestNG.java:251)\r\n\tat org.testng.remote.RemoteTestNG.main(RemoteTestNG.java:77)\r\nCaused by: org.openqa.selenium.NoSuchWindowException: no such window: target window already closed\nfrom unknown error: web view not found\n  (Session info: chrome=109.0.5414.75)\nBuild info: version: '4.4.0', revision: 'e5c75ed026a'\nSystem info: host: 'LAPTOP-E00FH6K0', ip: '172.21.32.1', os.name: 'Windows 11', os.arch: 'amd64', os.version: '10.0', java.version: '11.0.16.1'\nDriver info: org.openqa.selenium.chrome.ChromeDriver\nCommand: [295a0809a68b1c48efa18d6c49393754, findElement {using=xpath, value=//div[contains(text(),'SPK Rework Request Approval')]}]\nCapabilities {acceptInsecureCerts: false, browserName: chrome, browserVersion: 109.0.5414.75, chrome: {chromedriverVersion: 109.0.5414.74 (e7c5703604da..., userDataDir: C:\\Users\\Shelly\\AppData\\Loc...}, goog:chromeOptions: {debuggerAddress: localhost:61104}, networkConnectionEnabled: false, pageLoadStrategy: normal, platformName: WINDOWS, proxy: Proxy(), se:cdp: ws://localhost:61104/devtoo..., se:cdpVersion: 109.0.5414.75, setWindowRect: true, strictFileInteractability: false, timeouts: {implicit: 0, pageLoad: 300000, script: 30000}, unhandledPromptBehavior: dismiss and notify, webauthn:extension:credBlob: true, webauthn:extension:largeBlob: true, webauthn:virtualAuthenticators: true}\nSession ID: 295a0809a68b1c48efa18d6c49393754\r\n\tat java.base/jdk.internal.reflect.NativeConstructorAccessorImpl.newInstance0(Native Method)\r\n\tat java.base/jdk.internal.reflect.NativeConstructorAccessorImpl.newInstance(NativeConstructorAccessorImpl.java:62)\r\n\tat java.base/jdk.internal.reflect.DelegatingConstructorAccessorImpl.newInstance(DelegatingConstructorAccessorImpl.java:45)\r\n\tat java.base/java.lang.reflect.Constructor.newInstance(Constructor.java:490)\r\n\tat org.openqa.selenium.remote.codec.w3c.W3CHttpResponseCodec.createException(W3CHttpResponseCodec.java:200)\r\n\tat org.openqa.selenium.remote.codec.w3c.W3CHttpResponseCodec.decode(W3CHttpResponseCodec.java:133)\r\n\tat org.openqa.selenium.remote.codec.w3c.W3CHttpResponseCodec.decode(W3CHttpResponseCodec.java:53)\r\n\tat org.openqa.selenium.remote.HttpCommandExecutor.execute(HttpCommandExecutor.java:184)\r\n\tat org.openqa.selenium.remote.service.DriverCommandExecutor.invokeExecute(DriverCommandExecutor.java:167)\r\n\tat org.openqa.selenium.remote.service.DriverCommandExecutor.execute(DriverCommandExecutor.java:142)\r\n\tat org.openqa.selenium.remote.RemoteWebDriver.execute(RemoteWebDriver.java:547)\r\n\tat org.openqa.selenium.remote.ElementLocation$ElementFinder$2.findElement(ElementLocation.java:162)\r\n\tat org.openqa.selenium.remote.ElementLocation.findElement(ElementLocation.java:60)\r\n\tat org.openqa.selenium.remote.RemoteWebDriver.findElement(RemoteWebDriver.java:365)\r\n\tat org.openqa.selenium.remote.RemoteWebDriver.findElement(RemoteWebDriver.java:357)\r\n\tat org.openqa.selenium.support.ui.ExpectedConditions$7.apply(ExpectedConditions.java:197)\r\n\tat org.openqa.selenium.support.ui.ExpectedConditions$7.apply(ExpectedConditions.java:193)\r\n\tat org.openqa.selenium.support.ui.ExpectedConditions$22.apply(ExpectedConditions.java:631)\r\n\tat org.openqa.selenium.support.ui.ExpectedConditions$22.apply(ExpectedConditions.java:628)\r\n\tat org.openqa.selenium.support.ui.FluentWait.until(FluentWait.java:208)\r\n\t... 26 more\r\n"},"stage":"finished","description":"","steps":[],"attachments":[],"parameters":[],"start":1674385231037,"stop":1674385248988}],"afters":[{"name":"tearDownTest","status":"broken","stage":"finished","description":"","steps":[],"attachments":[],"parameters":[],"start":1674385250124,"stop":1674385250124},{"name":"tearDownTest","status":"broken","stage":"finished","description":"","steps":[],"attachments":[],"parameters":[],"start":1674385250126,"stop":1674385250126},{"name":"tearDownTest","status":"broken","stage":"finished","description":"","steps":[],"attachments":[],"parameters":[],"start":1674385250126,"stop":1674385250126}],"start":1674385201900,"stop":1674385250277}