<!DOCTYPE html PUBLIC "-//W3C//DTD XHTML 1.1//EN" "https://www.w3.org/TR/xhtml11/DTD/xhtml11.dtd">
<html xmlns="https://www.w3.org/1999/xhtml">
<head>
<meta http-equiv="content-type" content="text/html; charset=UTF-8"/>
<title>TestNG Report</title>
<style type="text/css">table {margin-bottom:10px;border-collapse:collapse;empty-cells:show}th,td {border:1px solid #009;padding:.25em .5em}th {vertical-align:bottom}td {vertical-align:top}table a {font-weight:bold}.stripe td {background-color: #E6EBF9}.num {text-align:right}.passedodd td {background-color: #3F3}.passedeven td {background-color: #0A0}.skippedodd td {background-color: #DDD}.skippedeven td {background-color: #CCC}.failedodd td,.attn {background-color: #F33}.failedeven td,.stripe .attn {background-color: #D00}.stacktrace {white-space:pre;font-family:monospace}.totop {font-size:85%;text-align:center;border-bottom:2px solid #000}.invisible {display:none}</style>
</head>
<body>
<table>
<tr><th>Test</th><th># Passed</th><th># Skipped</th><th># Retried</th><th># Failed</th><th>Time (ms)</th><th>Included Groups</th><th>Excluded Groups</th></tr>
<tr><th colspan="8">Suite1</th></tr>
<tr><td><a href="#t0">Test1</a></td><td class="num">3</td><td class="num">0</td><td class="num">0</td><td class="num">0</td><td class="num">165,401</td><td></td><td></td></tr>
<tr class="stripe"><td><a href="#t1">Test2</a></td><td class="num">1</td><td class="num">0</td><td class="num">0</td><td class="num">0</td><td class="num">61,258</td><td></td><td></td></tr>
<tr><td><a href="#t2">Test3</a></td><td class="num">19</td><td class="num">0</td><td class="num">0</td><td class="num attn">2</td><td class="num">86,677</td><td></td><td></td></tr>
<tr class="stripe"><td><a href="#t3">Test4</a></td><td class="num">1</td><td class="num">0</td><td class="num">0</td><td class="num">0</td><td class="num">55,298</td><td></td><td></td></tr>
<tr><td><a href="#t4">Test5</a></td><td class="num">2</td><td class="num">0</td><td class="num">0</td><td class="num">0</td><td class="num">30,539</td><td></td><td></td></tr>
<tr class="stripe"><td><a href="#t5">Test6</a></td><td class="num">2</td><td class="num">0</td><td class="num">0</td><td class="num">0</td><td class="num">40,261</td><td></td><td></td></tr>
<tr><td><a href="#t6">Test7</a></td><td class="num">6</td><td class="num">0</td><td class="num">0</td><td class="num">0</td><td class="num">78,094</td><td></td><td></td></tr>
<tr class="stripe"><td><a href="#t7">Test8</a></td><td class="num">12</td><td class="num">0</td><td class="num">0</td><td class="num attn">2</td><td class="num">129,052</td><td></td><td></td></tr>
<tr><td><a href="#t8">Test9</a></td><td class="num">0</td><td class="num attn">14</td><td class="num">0</td><td class="num">0</td><td class="num">17,456</td><td></td><td></td></tr>
<tr><th>Total</th><th class="num">46</th><th class="num attn">14</th><th class="num">0</th><th class="num attn">4</th><th class="num">664,036</th><th colspan="2"></th></tr>
</table>
<table id='summary'><thead><tr><th>Class</th><th>Method</th><th>Start</th><th>Time (ms)</th></tr></thead><tbody><tr><th colspan="4">Suite1</th></tr></tbody><tbody id="t0"><tr><th colspan="4">Test1 &#8212; passed</th></tr><tr class="passedeven"><td rowspan="3">sales_order.Sales_PPN_107</td><td><a href="#m0">firstTest</a></td><td rowspan="1">1674723265483</td><td rowspan="1">589</td></tr><tr class="passedeven"><td><a href="#m1">secondTest</a></td><td rowspan="1">1674723266647</td><td rowspan="1">44</td></tr><tr class="passedeven"><td><a href="#m2">thirdTest</a></td><td rowspan="1">1674723266716</td><td rowspan="1">107123</td></tr></tbody>
<tbody id="t1"><tr><th colspan="4">Test2 &#8212; passed</th></tr><tr class="passedeven"><td rowspan="1">release_sales_order.Sales_PPN_32</td><td><a href="#m3">firstTest</a></td><td rowspan="1">1674723381166</td><td rowspan="1">53861</td></tr></tbody>
<tbody id="t2"><tr><th colspan="4">Test3 &#8212; failed</th></tr><tr class="failedeven"><td rowspan="2">work_order_spk.Production_12</td><td><a href="#m4">calculate_beratBox_box</a></td><td rowspan="1">1674723517997</td><td rowspan="1">23</td></tr><tr class="failedeven"><td><a href="#m5">calculate_beratTrim_box</a></td><td rowspan="1">1674723518062</td><td rowspan="1">2</td></tr><tr><th colspan="4">Test3 &#8212; passed</th></tr><tr class="passedeven"><td rowspan="19">work_order_spk.Production_12</td><td><a href="#m6">calculate_beratBox_partisi</a></td><td rowspan="1">1674723518514</td><td rowspan="1">4</td></tr><tr class="passedeven"><td><a href="#m7">calculate_beratOrder_box</a></td><td rowspan="1">1674723518055</td><td rowspan="1">3</td></tr><tr class="passedeven"><td><a href="#m8">calculate_beratOrder_partisi</a></td><td rowspan="1">1674723518525</td><td rowspan="1">3</td></tr><tr class="passedeven"><td><a href="#m9">calculate_beratSubstanceBox1</a></td><td rowspan="1">1674723518069</td><td rowspan="1">12</td></tr><tr class="passedeven"><td><a href="#m10">calculate_beratSubstanceBox2</a></td><td rowspan="1">1674723518083</td><td rowspan="1">7</td></tr><tr class="passedeven"><td><a href="#m11">calculate_beratSubstanceBox3</a></td><td rowspan="1">1674723518094</td><td rowspan="1">4</td></tr><tr class="passedeven"><td><a href="#m12">calculate_beratSubstanceBox4</a></td><td rowspan="1">1674723518101</td><td rowspan="1">6</td></tr><tr class="passedeven"><td><a href="#m13">calculate_beratSubstanceBox5</a></td><td rowspan="1">1674723518112</td><td rowspan="1">3</td></tr><tr class="passedeven"><td><a href="#m14">calculate_beratSubstancePartisi1</a></td><td rowspan="1">1674723518543</td><td rowspan="1">3</td></tr><tr class="passedeven"><td><a href="#m15">calculate_beratSubstancePartisi2</a></td><td rowspan="1">1674723518552</td><td rowspan="1">8</td></tr><tr class="passedeven"><td><a href="#m16">calculate_beratSubstancePartisi3</a></td><td rowspan="1">1674723518565</td><td rowspan="1">8</td></tr><tr class="passedeven"><td><a href="#m17">calculate_beratSubstancePartisi4</a></td><td rowspan="1">1674723518578</td><td rowspan="1">3</td></tr><tr class="passedeven"><td><a href="#m18">calculate_beratSubstancePartisi5</a></td><td rowspan="1">1674723518586</td><td rowspan="1">5</td></tr><tr class="passedeven"><td><a href="#m19">calculate_beratTrim_partisi</a></td><td rowspan="1">1674723518531</td><td rowspan="1">4</td></tr><tr class="passedeven"><td><a href="#m20">calculate_corr_box</a></td><td rowspan="1">1674723517979</td><td rowspan="1">14</td></tr><tr class="passedeven"><td><a href="#m21">calculate_corr_partisi</a></td><td rowspan="1">1674723518505</td><td rowspan="1">3</td></tr><tr class="passedeven"><td><a href="#m22">calculate_outKertas_box</a></td><td rowspan="1">1674723517956</td><td rowspan="1">18</td></tr><tr class="passedeven"><td><a href="#m23">calculate_outKertas_partisi</a></td><td rowspan="1">1674723518118</td><td rowspan="1">8</td></tr><tr class="passedeven"><td><a href="#m24">firstTes</a></td><td rowspan="1">1674723448443</td><td rowspan="1">69465</td></tr></tbody>
<tbody id="t3"><tr><th colspan="4">Test4 &#8212; passed</th></tr><tr class="passedeven"><td rowspan="1">perpindahan_wip.Production_47</td><td><a href="#m25">firstTest</a></td><td rowspan="1">1674723533323</td><td rowspan="1">42819</td></tr></tbody>
<tbody id="t4"><tr><th colspan="4">Test5 &#8212; passed</th></tr><tr class="passedeven"><td rowspan="2">quality_check.QualityCheck_3</td><td><a href="#m26">firstTest</a></td><td rowspan="1">1674723586696</td><td rowspan="1">13502</td></tr><tr class="passedeven"><td><a href="#m27">secondTest</a></td><td rowspan="1">1674723600261</td><td rowspan="1">7840</td></tr></tbody>
<tbody id="t5"><tr><th colspan="4">Test6 &#8212; passed</th></tr><tr class="passedeven"><td rowspan="2">input_hasil_produksi.Production_80</td><td><a href="#m28">firstTest</a></td><td rowspan="1">1674723617418</td><td rowspan="1">18556</td></tr><tr class="passedeven"><td><a href="#m29">secondTest</a></td><td rowspan="1">1674723636030</td><td rowspan="1">12098</td></tr></tbody>
<tbody id="t6"><tr><th colspan="4">Test7 &#8212; passed</th></tr><tr class="passedeven"><td rowspan="6">stb_hasil_produksi.Warehouse_FG_9</td><td><a href="#m30">VerifyStockBalanceBox</a></td><td rowspan="1">1674723714431</td><td rowspan="1">12685</td></tr><tr class="passedeven"><td><a href="#m31">VerifyStockBalancePartisi1</a></td><td rowspan="1">1674723727122</td><td rowspan="1">30</td></tr><tr class="passedeven"><td><a href="#m32">VerifyStockBalancePartisi2</a></td><td rowspan="1">1674723727155</td><td rowspan="1">29</td></tr><tr class="passedeven"><td><a href="#m33">inputSTBBox</a></td><td rowspan="1">1674723655850</td><td rowspan="1">20879</td></tr><tr class="passedeven"><td><a href="#m34">inputSTBPartisi1</a></td><td rowspan="1">1674723676788</td><td rowspan="1">19777</td></tr><tr class="passedeven"><td><a href="#m35">inputSTBPartisi2</a></td><td rowspan="1">1674723696582</td><td rowspan="1">17833</td></tr></tbody>
<tbody id="t7"><tr><th colspan="4">Test8 &#8212; failed</th></tr><tr class="failedeven"><td rowspan="2">surat_jalan_delivery_order.Freight_13</td><td><a href="#m36">verifyWorkOrderStatus_Box</a></td><td rowspan="1">1674723781058</td><td rowspan="1">12454</td></tr><tr class="failedeven"><td><a href="#m37">verifyWorkOrderStatus_Partisi</a></td><td rowspan="1">1674723793669</td><td rowspan="1">35</td></tr><tr><th colspan="4">Test8 &#8212; passed</th></tr><tr class="passedeven"><td rowspan="12">surat_jalan_delivery_order.Freight_13</td><td><a href="#m38">createSJN</a></td><td rowspan="1">1674723735893</td><td rowspan="1">40665</td></tr><tr class="passedeven"><td><a href="#m39">saveSJN</a></td><td rowspan="1">1674723776635</td><td rowspan="1">4420</td></tr><tr class="passedeven"><td><a href="#m40">verifyBeratKg</a></td><td rowspan="1">1674723776608</td><td rowspan="1">17</td></tr><tr class="passedeven"><td><a href="#m41">verifyNotaPenjualan</a></td><td rowspan="1">1674723819728</td><td rowspan="1">20424</td></tr><tr class="passedeven"><td><a href="#m42">verifySOLOutstanding_box</a></td><td rowspan="1">1674723816572</td><td rowspan="1">1054</td></tr><tr class="passedeven"><td><a href="#m43">verifySOLOutstanding_partisi</a></td><td rowspan="1">1674723818685</td><td rowspan="1">1039</td></tr><tr class="passedeven"><td><a href="#m44">verifySOLStatus_box</a></td><td rowspan="1">1674723793711</td><td rowspan="1">22851</td></tr><tr class="passedeven"><td><a href="#m45">verifySOLStatus_partisi</a></td><td rowspan="1">1674723817631</td><td rowspan="1">1047</td></tr><tr class="passedeven"><td><a href="#m46">verifyStockBalance_box</a></td><td rowspan="1">1674723840163</td><td rowspan="1">14935</td></tr><tr class="passedeven"><td><a href="#m47">verifyStockBalance_partisi1</a></td><td rowspan="1">1674723855124</td><td rowspan="1">41</td></tr><tr class="passedeven"><td><a href="#m48">verifyStockBalance_partisi2</a></td><td rowspan="1">1674723855172</td><td rowspan="1">30</td></tr><tr class="passedeven"><td><a href="#m49">verifySubtotal</a></td><td rowspan="1">1674723776629</td><td rowspan="1">1</td></tr></tbody>
<tbody id="t8"><tr><th colspan="4">Test9 &#8212; failed (configuration methods)</th></tr><tr class="failedeven"><td rowspan="1">surat_jalan_delivery_order.Freight_63</td><td><a href="#m50">setUpTest</a></td><td rowspan="1">1674723856945</td><td rowspan="1">16733</td></tr><tr><th colspan="4">Test9 &#8212; skipped (configuration methods)</th></tr><tr class="skippedeven"><td rowspan="1">surat_jalan_delivery_order.Freight_63</td><td><a href="#m51">tearDownTest</a></td><td rowspan="1">1674723874397</td><td rowspan="1">-1674723874397</td></tr><tr><th colspan="4">Test9 &#8212; skipped</th></tr><tr class="skippedeven"><td rowspan="14">surat_jalan_delivery_order.Freight_63</td><td><a href="#m52">approvalSJR</a></td><td rowspan="1">1674723874062</td><td rowspan="1">0</td></tr><tr class="skippedeven"><td><a href="#m53">createSJRandVerifySubtotal</a></td><td rowspan="1">1674723873976</td><td rowspan="1">0</td></tr><tr class="skippedeven"><td><a href="#m54">saveSJN</a></td><td rowspan="1">1674723874033</td><td rowspan="1">0</td></tr><tr class="skippedeven"><td><a href="#m55">verifyNotaReturPenjualan</a></td><td rowspan="1">1674723874300</td><td rowspan="1">0</td></tr><tr class="skippedeven"><td><a href="#m56">verifySOLOutstanding_box</a></td><td rowspan="1">1674723874201</td><td rowspan="1">0</td></tr><tr class="skippedeven"><td><a href="#m57">verifySOLOutstanding_partisi</a></td><td rowspan="1">1674723874260</td><td rowspan="1">0</td></tr><tr class="skippedeven"><td><a href="#m58">verifySOLStatus_box</a></td><td rowspan="1">1674723874161</td><td rowspan="1">0</td></tr><tr class="skippedeven"><td><a href="#m59">verifySOLStatus_partisi</a></td><td rowspan="1">1674723874229</td><td rowspan="1">0</td></tr><tr class="skippedeven"><td><a href="#m60">verifyStockBalance_box</a></td><td rowspan="1">1674723874324</td><td rowspan="1">0</td></tr><tr class="skippedeven"><td><a href="#m61">verifyStockBalance_partisi1</a></td><td rowspan="1">1674723874348</td><td rowspan="1">0</td></tr><tr class="skippedeven"><td><a href="#m62">verifyStockBalance_partisi2</a></td><td rowspan="1">1674723874365</td><td rowspan="1">0</td></tr><tr class="skippedeven"><td><a href="#m63">verifySubtotal</a></td><td rowspan="1">1674723873999</td><td rowspan="1">0</td></tr><tr class="skippedeven"><td><a href="#m64">verifyWorkOrderStatus_Box</a></td><td rowspan="1">1674723874103</td><td rowspan="1">0</td></tr><tr class="skippedeven"><td><a href="#m65">verifyWorkOrderStatus_Partisi</a></td><td rowspan="1">1674723874134</td><td rowspan="1">0</td></tr></tbody>
</table>
<h2>Test1</h2><h3 id="m0">sales_order.Sales_PPN_107#firstTest</h3><table class="result"><tr><th class="invisible"/></tr></table><p class="totop"><a href="#summary">back to summary</a></p>
<h3 id="m1">sales_order.Sales_PPN_107#secondTest</h3><table class="result"><tr><th class="invisible"/></tr></table><p class="totop"><a href="#summary">back to summary</a></p>
<h3 id="m2">sales_order.Sales_PPN_107#thirdTest</h3><table class="result"><tr><th class="invisible"/></tr></table><p class="totop"><a href="#summary">back to summary</a></p>
<h2>Test2</h2><h3 id="m3">release_sales_order.Sales_PPN_32#firstTest</h3><table class="result"><tr><th class="invisible"/></tr></table><p class="totop"><a href="#summary">back to summary</a></p>
<h2>Test3</h2><h3 id="m4">work_order_spk.Production_12#calculate_beratBox_box</h3><table class="result"><tr><th>Exception</th></tr><tr><td><div class="stacktrace">java.lang.AssertionError: expected [133.08] but found [133.09]
	at work_order_spk.Production_12.calculate_beratBox_box(Production_12.java:209)
	at java.base/java.util.ArrayList.forEach(ArrayList.java:1541)
... Removed 32 stack frames</div></td></tr></table><p class="totop"><a href="#summary">back to summary</a></p>
<h3 id="m5">work_order_spk.Production_12#calculate_beratTrim_box</h3><table class="result"><tr><th>Exception</th></tr><tr><td><div class="stacktrace">java.lang.AssertionError: expected [0.48433003] but found [0.48433]
	at work_order_spk.Production_12.calculate_beratTrim_box(Production_12.java:237)
	at java.base/java.util.ArrayList.forEach(ArrayList.java:1541)
... Removed 32 stack frames</div></td></tr></table><p class="totop"><a href="#summary">back to summary</a></p>
<h3 id="m6">work_order_spk.Production_12#calculate_beratBox_partisi</h3><table class="result"><tr><th class="invisible"/></tr></table><p class="totop"><a href="#summary">back to summary</a></p>
<h3 id="m7">work_order_spk.Production_12#calculate_beratOrder_box</h3><table class="result"><tr><th class="invisible"/></tr></table><p class="totop"><a href="#summary">back to summary</a></p>
<h3 id="m8">work_order_spk.Production_12#calculate_beratOrder_partisi</h3><table class="result"><tr><th class="invisible"/></tr></table><p class="totop"><a href="#summary">back to summary</a></p>
<h3 id="m9">work_order_spk.Production_12#calculate_beratSubstanceBox1</h3><table class="result"><tr><th class="invisible"/></tr></table><p class="totop"><a href="#summary">back to summary</a></p>
<h3 id="m10">work_order_spk.Production_12#calculate_beratSubstanceBox2</h3><table class="result"><tr><th class="invisible"/></tr></table><p class="totop"><a href="#summary">back to summary</a></p>
<h3 id="m11">work_order_spk.Production_12#calculate_beratSubstanceBox3</h3><table class="result"><tr><th class="invisible"/></tr></table><p class="totop"><a href="#summary">back to summary</a></p>
<h3 id="m12">work_order_spk.Production_12#calculate_beratSubstanceBox4</h3><table class="result"><tr><th class="invisible"/></tr></table><p class="totop"><a href="#summary">back to summary</a></p>
<h3 id="m13">work_order_spk.Production_12#calculate_beratSubstanceBox5</h3><table class="result"><tr><th class="invisible"/></tr></table><p class="totop"><a href="#summary">back to summary</a></p>
<h3 id="m14">work_order_spk.Production_12#calculate_beratSubstancePartisi1</h3><table class="result"><tr><th class="invisible"/></tr></table><p class="totop"><a href="#summary">back to summary</a></p>
<h3 id="m15">work_order_spk.Production_12#calculate_beratSubstancePartisi2</h3><table class="result"><tr><th class="invisible"/></tr></table><p class="totop"><a href="#summary">back to summary</a></p>
<h3 id="m16">work_order_spk.Production_12#calculate_beratSubstancePartisi3</h3><table class="result"><tr><th class="invisible"/></tr></table><p class="totop"><a href="#summary">back to summary</a></p>
<h3 id="m17">work_order_spk.Production_12#calculate_beratSubstancePartisi4</h3><table class="result"><tr><th class="invisible"/></tr></table><p class="totop"><a href="#summary">back to summary</a></p>
<h3 id="m18">work_order_spk.Production_12#calculate_beratSubstancePartisi5</h3><table class="result"><tr><th class="invisible"/></tr></table><p class="totop"><a href="#summary">back to summary</a></p>
<h3 id="m19">work_order_spk.Production_12#calculate_beratTrim_partisi</h3><table class="result"><tr><th class="invisible"/></tr></table><p class="totop"><a href="#summary">back to summary</a></p>
<h3 id="m20">work_order_spk.Production_12#calculate_corr_box</h3><table class="result"><tr><th class="invisible"/></tr></table><p class="totop"><a href="#summary">back to summary</a></p>
<h3 id="m21">work_order_spk.Production_12#calculate_corr_partisi</h3><table class="result"><tr><th class="invisible"/></tr></table><p class="totop"><a href="#summary">back to summary</a></p>
<h3 id="m22">work_order_spk.Production_12#calculate_outKertas_box</h3><table class="result"><tr><th class="invisible"/></tr></table><p class="totop"><a href="#summary">back to summary</a></p>
<h3 id="m23">work_order_spk.Production_12#calculate_outKertas_partisi</h3><table class="result"><tr><th class="invisible"/></tr></table><p class="totop"><a href="#summary">back to summary</a></p>
<h3 id="m24">work_order_spk.Production_12#firstTes</h3><table class="result"><tr><th class="invisible"/></tr></table><p class="totop"><a href="#summary">back to summary</a></p>
<h2>Test4</h2><h3 id="m25">perpindahan_wip.Production_47#firstTest</h3><table class="result"><tr><th class="invisible"/></tr></table><p class="totop"><a href="#summary">back to summary</a></p>
<h2>Test5</h2><h3 id="m26">quality_check.QualityCheck_3#firstTest</h3><table class="result"><tr><th class="invisible"/></tr></table><p class="totop"><a href="#summary">back to summary</a></p>
<h3 id="m27">quality_check.QualityCheck_3#secondTest</h3><table class="result"><tr><th class="invisible"/></tr></table><p class="totop"><a href="#summary">back to summary</a></p>
<h2>Test6</h2><h3 id="m28">input_hasil_produksi.Production_80#firstTest</h3><table class="result"><tr><th class="invisible"/></tr></table><p class="totop"><a href="#summary">back to summary</a></p>
<h3 id="m29">input_hasil_produksi.Production_80#secondTest</h3><table class="result"><tr><th class="invisible"/></tr></table><p class="totop"><a href="#summary">back to summary</a></p>
<h2>Test7</h2><h3 id="m30">stb_hasil_produksi.Warehouse_FG_9#VerifyStockBalanceBox</h3><table class="result"><tr><th class="invisible"/></tr></table><p class="totop"><a href="#summary">back to summary</a></p>
<h3 id="m31">stb_hasil_produksi.Warehouse_FG_9#VerifyStockBalancePartisi1</h3><table class="result"><tr><th class="invisible"/></tr></table><p class="totop"><a href="#summary">back to summary</a></p>
<h3 id="m32">stb_hasil_produksi.Warehouse_FG_9#VerifyStockBalancePartisi2</h3><table class="result"><tr><th class="invisible"/></tr></table><p class="totop"><a href="#summary">back to summary</a></p>
<h3 id="m33">stb_hasil_produksi.Warehouse_FG_9#inputSTBBox</h3><table class="result"><tr><th class="invisible"/></tr></table><p class="totop"><a href="#summary">back to summary</a></p>
<h3 id="m34">stb_hasil_produksi.Warehouse_FG_9#inputSTBPartisi1</h3><table class="result"><tr><th class="invisible"/></tr></table><p class="totop"><a href="#summary">back to summary</a></p>
<h3 id="m35">stb_hasil_produksi.Warehouse_FG_9#inputSTBPartisi2</h3><table class="result"><tr><th class="invisible"/></tr></table><p class="totop"><a href="#summary">back to summary</a></p>
<h2>Test8</h2><h3 id="m36">surat_jalan_delivery_order.Freight_13#verifyWorkOrderStatus_Box</h3><table class="result"><tr><th>Exception</th></tr><tr><td><div class="stacktrace">org.openqa.selenium.TimeoutException: Expected condition failed: waiting for element to be clickable: By.xpath: (//a[contains(text(), &apos;View&apos;)])[1] (tried for 10 second(s) with 500 milliseconds interval)
Build info: version: &apos;4.4.0&apos;, revision: &apos;e5c75ed026a&apos;
System info: host: &apos;LAPTOP-E00FH6K0&apos;, ip: &apos;172.21.32.1&apos;, os.name: &apos;Windows 11&apos;, os.arch: &apos;amd64&apos;, os.version: &apos;10.0&apos;, java.version: &apos;11.0.16.1&apos;
Driver info: org.openqa.selenium.chrome.ChromeDriver
Capabilities {acceptInsecureCerts: false, browserName: chrome, browserVersion: 109.0.5414.120, chrome: {chromedriverVersion: 109.0.5414.74 (e7c5703604da..., userDataDir: C:\Users\Shelly\AppData\Loc...}, goog:chromeOptions: {debuggerAddress: localhost:61326}, networkConnectionEnabled: false, pageLoadStrategy: normal, platformName: WINDOWS, proxy: Proxy(), se:cdp: ws://localhost:61326/devtoo..., se:cdpVersion: 109.0.5414.120, setWindowRect: true, strictFileInteractability: false, timeouts: {implicit: 0, pageLoad: 300000, script: 30000}, unhandledPromptBehavior: dismiss and notify, webauthn:extension:credBlob: true, webauthn:extension:largeBlob: true, webauthn:virtualAuthenticators: true}
Session ID: 2ba95d48c1d80d52e1abfb9cf4f691ef
	at org.openqa.selenium.support.ui.WebDriverWait.timeoutException(WebDriverWait.java:87)
	at org.openqa.selenium.support.ui.FluentWait.until(FluentWait.java:231)
	at pages.WorkOrderPage.click_filter(WorkOrderPage.java:46)
	at surat_jalan_delivery_order.Freight_13.verifyWorkOrderStatus_Box(Freight_13.java:221)
	at java.base/java.util.ArrayList.forEach(ArrayList.java:1541)
... Removed 27 stack frames</div></td></tr></table><p class="totop"><a href="#summary">back to summary</a></p>
<h3 id="m37">surat_jalan_delivery_order.Freight_13#verifyWorkOrderStatus_Partisi</h3><table class="result"><tr><th>Exception</th></tr><tr><td><div class="stacktrace">org.openqa.selenium.NoSuchElementException: no such element: Unable to locate element: {&quot;method&quot;:&quot;xpath&quot;,&quot;selector&quot;:&quot;//tbody//td[5][contains(text(),&apos;PARTISI&apos;)]//following::td[5]&quot;}
  (Session info: chrome=109.0.5414.120)
For documentation on this error, please visit: https://selenium.dev/exceptions/#no_such_element
Build info: version: &apos;4.4.0&apos;, revision: &apos;e5c75ed026a&apos;
System info: host: &apos;LAPTOP-E00FH6K0&apos;, ip: &apos;172.21.32.1&apos;, os.name: &apos;Windows 11&apos;, os.arch: &apos;amd64&apos;, os.version: &apos;10.0&apos;, java.version: &apos;11.0.16.1&apos;
Driver info: org.openqa.selenium.chrome.ChromeDriver
Command: [2ba95d48c1d80d52e1abfb9cf4f691ef, findElement {using=xpath, value=//tbody//td[5][contains(text(),&apos;PARTISI&apos;)]//following::td[5]}]
Capabilities {acceptInsecureCerts: false, browserName: chrome, browserVersion: 109.0.5414.120, chrome: {chromedriverVersion: 109.0.5414.74 (e7c5703604da..., userDataDir: C:\Users\Shelly\AppData\Loc...}, goog:chromeOptions: {debuggerAddress: localhost:61326}, networkConnectionEnabled: false, pageLoadStrategy: normal, platformName: WINDOWS, proxy: Proxy(), se:cdp: ws://localhost:61326/devtoo..., se:cdpVersion: 109.0.5414.120, setWindowRect: true, strictFileInteractability: false, timeouts: {implicit: 0, pageLoad: 300000, script: 30000}, unhandledPromptBehavior: dismiss and notify, webauthn:extension:credBlob: true, webauthn:extension:largeBlob: true, webauthn:virtualAuthenticators: true}
Session ID: 2ba95d48c1d80d52e1abfb9cf4f691ef
	at org.openqa.selenium.remote.codec.w3c.W3CHttpResponseCodec.createException(W3CHttpResponseCodec.java:200)
	at org.openqa.selenium.remote.codec.w3c.W3CHttpResponseCodec.decode(W3CHttpResponseCodec.java:133)
	at org.openqa.selenium.remote.codec.w3c.W3CHttpResponseCodec.decode(W3CHttpResponseCodec.java:53)
	at org.openqa.selenium.remote.HttpCommandExecutor.execute(HttpCommandExecutor.java:184)
	at org.openqa.selenium.remote.service.DriverCommandExecutor.invokeExecute(DriverCommandExecutor.java:167)
	at org.openqa.selenium.remote.service.DriverCommandExecutor.execute(DriverCommandExecutor.java:142)
	at org.openqa.selenium.remote.RemoteWebDriver.execute(RemoteWebDriver.java:547)
	at org.openqa.selenium.remote.ElementLocation$ElementFinder$2.findElement(ElementLocation.java:162)
	at org.openqa.selenium.remote.ElementLocation.findElement(ElementLocation.java:60)
	at org.openqa.selenium.remote.RemoteWebDriver.findElement(RemoteWebDriver.java:365)
	at org.openqa.selenium.remote.RemoteWebDriver.findElement(RemoteWebDriver.java:357)
	at pages.WorkOrderPage.get_statusWOPartisi(WorkOrderPage.java:102)
	at surat_jalan_delivery_order.Freight_13.verifyWorkOrderStatus_Partisi(Freight_13.java:230)
	at java.base/java.util.ArrayList.forEach(ArrayList.java:1541)
... Removed 30 stack frames</div></td></tr></table><p class="totop"><a href="#summary">back to summary</a></p>
<h3 id="m38">surat_jalan_delivery_order.Freight_13#createSJN</h3><table class="result"><tr><th class="invisible"/></tr></table><p class="totop"><a href="#summary">back to summary</a></p>
<h3 id="m39">surat_jalan_delivery_order.Freight_13#saveSJN</h3><table class="result"><tr><th class="invisible"/></tr></table><p class="totop"><a href="#summary">back to summary</a></p>
<h3 id="m40">surat_jalan_delivery_order.Freight_13#verifyBeratKg</h3><table class="result"><tr><th class="invisible"/></tr></table><p class="totop"><a href="#summary">back to summary</a></p>
<h3 id="m41">surat_jalan_delivery_order.Freight_13#verifyNotaPenjualan</h3><table class="result"><tr><th class="invisible"/></tr></table><p class="totop"><a href="#summary">back to summary</a></p>
<h3 id="m42">surat_jalan_delivery_order.Freight_13#verifySOLOutstanding_box</h3><table class="result"><tr><th class="invisible"/></tr></table><p class="totop"><a href="#summary">back to summary</a></p>
<h3 id="m43">surat_jalan_delivery_order.Freight_13#verifySOLOutstanding_partisi</h3><table class="result"><tr><th class="invisible"/></tr></table><p class="totop"><a href="#summary">back to summary</a></p>
<h3 id="m44">surat_jalan_delivery_order.Freight_13#verifySOLStatus_box</h3><table class="result"><tr><th class="invisible"/></tr></table><p class="totop"><a href="#summary">back to summary</a></p>
<h3 id="m45">surat_jalan_delivery_order.Freight_13#verifySOLStatus_partisi</h3><table class="result"><tr><th class="invisible"/></tr></table><p class="totop"><a href="#summary">back to summary</a></p>
<h3 id="m46">surat_jalan_delivery_order.Freight_13#verifyStockBalance_box</h3><table class="result"><tr><th class="invisible"/></tr></table><p class="totop"><a href="#summary">back to summary</a></p>
<h3 id="m47">surat_jalan_delivery_order.Freight_13#verifyStockBalance_partisi1</h3><table class="result"><tr><th class="invisible"/></tr></table><p class="totop"><a href="#summary">back to summary</a></p>
<h3 id="m48">surat_jalan_delivery_order.Freight_13#verifyStockBalance_partisi2</h3><table class="result"><tr><th class="invisible"/></tr></table><p class="totop"><a href="#summary">back to summary</a></p>
<h3 id="m49">surat_jalan_delivery_order.Freight_13#verifySubtotal</h3><table class="result"><tr><th class="invisible"/></tr></table><p class="totop"><a href="#summary">back to summary</a></p>
<h2>Test9</h2><h3 id="m50">surat_jalan_delivery_order.Freight_63#setUpTest</h3><table class="result"><tr><th>Exception</th></tr><tr><td><div class="stacktrace">org.openqa.selenium.TimeoutException: Expected condition failed: waiting for element to be clickable: By.xpath: //div[contains(text(),&apos;SPK Rework Request Approval&apos;)] (tried for 10 second(s) with 500 milliseconds interval)
Build info: version: &apos;4.4.0&apos;, revision: &apos;e5c75ed026a&apos;
System info: host: &apos;LAPTOP-E00FH6K0&apos;, ip: &apos;172.21.32.1&apos;, os.name: &apos;Windows 11&apos;, os.arch: &apos;amd64&apos;, os.version: &apos;10.0&apos;, java.version: &apos;11.0.16.1&apos;
Driver info: org.openqa.selenium.chrome.ChromeDriver
Capabilities {acceptInsecureCerts: false, browserName: chrome, browserVersion: 109.0.5414.120, chrome: {chromedriverVersion: 109.0.5414.74 (e7c5703604da..., userDataDir: C:\Users\Shelly\AppData\Loc...}, goog:chromeOptions: {debuggerAddress: localhost:61408}, networkConnectionEnabled: false, pageLoadStrategy: normal, platformName: WINDOWS, proxy: Proxy(), se:cdp: ws://localhost:61408/devtoo..., se:cdpVersion: 109.0.5414.120, setWindowRect: true, strictFileInteractability: false, timeouts: {implicit: 0, pageLoad: 300000, script: 30000}, unhandledPromptBehavior: dismiss and notify, webauthn:extension:credBlob: true, webauthn:extension:largeBlob: true, webauthn:virtualAuthenticators: true}
Session ID: ad63504c557070527c2a6fbb5fda9836
	at org.openqa.selenium.support.ui.WebDriverWait.timeoutException(WebDriverWait.java:87)
	at org.openqa.selenium.support.ui.FluentWait.until(FluentWait.java:231)
	at pages.Home.waitCardToBeClickable(Home.java:30)
	at surat_jalan_delivery_order.Freight_63.setUpTest(Freight_63.java:122)
... Removed 24 stack frames</div></td></tr></table><p class="totop"><a href="#summary">back to summary</a></p>
<h3 id="m51">surat_jalan_delivery_order.Freight_63#tearDownTest</h3><table class="result"><tr><th class="invisible"/></tr></table><p class="totop"><a href="#summary">back to summary</a></p>
<h3 id="m52">surat_jalan_delivery_order.Freight_63#approvalSJR</h3><table class="result"><tr><th>Exception</th></tr><tr><td><div class="stacktrace">org.openqa.selenium.TimeoutException: Expected condition failed: waiting for element to be clickable: By.xpath: //div[contains(text(),&apos;SPK Rework Request Approval&apos;)] (tried for 10 second(s) with 500 milliseconds interval)
Build info: version: &apos;4.4.0&apos;, revision: &apos;e5c75ed026a&apos;
System info: host: &apos;LAPTOP-E00FH6K0&apos;, ip: &apos;172.21.32.1&apos;, os.name: &apos;Windows 11&apos;, os.arch: &apos;amd64&apos;, os.version: &apos;10.0&apos;, java.version: &apos;11.0.16.1&apos;
Driver info: org.openqa.selenium.chrome.ChromeDriver
Capabilities {acceptInsecureCerts: false, browserName: chrome, browserVersion: 109.0.5414.120, chrome: {chromedriverVersion: 109.0.5414.74 (e7c5703604da..., userDataDir: C:\Users\Shelly\AppData\Loc...}, goog:chromeOptions: {debuggerAddress: localhost:61408}, networkConnectionEnabled: false, pageLoadStrategy: normal, platformName: WINDOWS, proxy: Proxy(), se:cdp: ws://localhost:61408/devtoo..., se:cdpVersion: 109.0.5414.120, setWindowRect: true, strictFileInteractability: false, timeouts: {implicit: 0, pageLoad: 300000, script: 30000}, unhandledPromptBehavior: dismiss and notify, webauthn:extension:credBlob: true, webauthn:extension:largeBlob: true, webauthn:virtualAuthenticators: true}
Session ID: ad63504c557070527c2a6fbb5fda9836
	at org.openqa.selenium.support.ui.WebDriverWait.timeoutException(WebDriverWait.java:87)
	at org.openqa.selenium.support.ui.FluentWait.until(FluentWait.java:231)
	at pages.Home.waitCardToBeClickable(Home.java:30)
	at surat_jalan_delivery_order.Freight_63.setUpTest(Freight_63.java:122)
... Removed 24 stack frames</div></td></tr></table><p class="totop"><a href="#summary">back to summary</a></p>
<h3 id="m53">surat_jalan_delivery_order.Freight_63#createSJRandVerifySubtotal</h3><table class="result"><tr><th>Exception</th></tr><tr><td><div class="stacktrace">org.openqa.selenium.TimeoutException: Expected condition failed: waiting for element to be clickable: By.xpath: //div[contains(text(),&apos;SPK Rework Request Approval&apos;)] (tried for 10 second(s) with 500 milliseconds interval)
Build info: version: &apos;4.4.0&apos;, revision: &apos;e5c75ed026a&apos;
System info: host: &apos;LAPTOP-E00FH6K0&apos;, ip: &apos;172.21.32.1&apos;, os.name: &apos;Windows 11&apos;, os.arch: &apos;amd64&apos;, os.version: &apos;10.0&apos;, java.version: &apos;11.0.16.1&apos;
Driver info: org.openqa.selenium.chrome.ChromeDriver
Capabilities {acceptInsecureCerts: false, browserName: chrome, browserVersion: 109.0.5414.120, chrome: {chromedriverVersion: 109.0.5414.74 (e7c5703604da..., userDataDir: C:\Users\Shelly\AppData\Loc...}, goog:chromeOptions: {debuggerAddress: localhost:61408}, networkConnectionEnabled: false, pageLoadStrategy: normal, platformName: WINDOWS, proxy: Proxy(), se:cdp: ws://localhost:61408/devtoo..., se:cdpVersion: 109.0.5414.120, setWindowRect: true, strictFileInteractability: false, timeouts: {implicit: 0, pageLoad: 300000, script: 30000}, unhandledPromptBehavior: dismiss and notify, webauthn:extension:credBlob: true, webauthn:extension:largeBlob: true, webauthn:virtualAuthenticators: true}
Session ID: ad63504c557070527c2a6fbb5fda9836
	at org.openqa.selenium.support.ui.WebDriverWait.timeoutException(WebDriverWait.java:87)
	at org.openqa.selenium.support.ui.FluentWait.until(FluentWait.java:231)
	at pages.Home.waitCardToBeClickable(Home.java:30)
	at surat_jalan_delivery_order.Freight_63.setUpTest(Freight_63.java:122)
... Removed 24 stack frames</div></td></tr></table><p class="totop"><a href="#summary">back to summary</a></p>
<h3 id="m54">surat_jalan_delivery_order.Freight_63#saveSJN</h3><table class="result"><tr><th>Exception</th></tr><tr><td><div class="stacktrace">org.openqa.selenium.TimeoutException: Expected condition failed: waiting for element to be clickable: By.xpath: //div[contains(text(),&apos;SPK Rework Request Approval&apos;)] (tried for 10 second(s) with 500 milliseconds interval)
Build info: version: &apos;4.4.0&apos;, revision: &apos;e5c75ed026a&apos;
System info: host: &apos;LAPTOP-E00FH6K0&apos;, ip: &apos;172.21.32.1&apos;, os.name: &apos;Windows 11&apos;, os.arch: &apos;amd64&apos;, os.version: &apos;10.0&apos;, java.version: &apos;11.0.16.1&apos;
Driver info: org.openqa.selenium.chrome.ChromeDriver
Capabilities {acceptInsecureCerts: false, browserName: chrome, browserVersion: 109.0.5414.120, chrome: {chromedriverVersion: 109.0.5414.74 (e7c5703604da..., userDataDir: C:\Users\Shelly\AppData\Loc...}, goog:chromeOptions: {debuggerAddress: localhost:61408}, networkConnectionEnabled: false, pageLoadStrategy: normal, platformName: WINDOWS, proxy: Proxy(), se:cdp: ws://localhost:61408/devtoo..., se:cdpVersion: 109.0.5414.120, setWindowRect: true, strictFileInteractability: false, timeouts: {implicit: 0, pageLoad: 300000, script: 30000}, unhandledPromptBehavior: dismiss and notify, webauthn:extension:credBlob: true, webauthn:extension:largeBlob: true, webauthn:virtualAuthenticators: true}
Session ID: ad63504c557070527c2a6fbb5fda9836
	at org.openqa.selenium.support.ui.WebDriverWait.timeoutException(WebDriverWait.java:87)
	at org.openqa.selenium.support.ui.FluentWait.until(FluentWait.java:231)
	at pages.Home.waitCardToBeClickable(Home.java:30)
	at surat_jalan_delivery_order.Freight_63.setUpTest(Freight_63.java:122)
... Removed 24 stack frames</div></td></tr></table><p class="totop"><a href="#summary">back to summary</a></p>
<h3 id="m55">surat_jalan_delivery_order.Freight_63#verifyNotaReturPenjualan</h3><table class="result"><tr><th>Exception</th></tr><tr><td><div class="stacktrace">org.openqa.selenium.TimeoutException: Expected condition failed: waiting for element to be clickable: By.xpath: //div[contains(text(),&apos;SPK Rework Request Approval&apos;)] (tried for 10 second(s) with 500 milliseconds interval)
Build info: version: &apos;4.4.0&apos;, revision: &apos;e5c75ed026a&apos;
System info: host: &apos;LAPTOP-E00FH6K0&apos;, ip: &apos;172.21.32.1&apos;, os.name: &apos;Windows 11&apos;, os.arch: &apos;amd64&apos;, os.version: &apos;10.0&apos;, java.version: &apos;11.0.16.1&apos;
Driver info: org.openqa.selenium.chrome.ChromeDriver
Capabilities {acceptInsecureCerts: false, browserName: chrome, browserVersion: 109.0.5414.120, chrome: {chromedriverVersion: 109.0.5414.74 (e7c5703604da..., userDataDir: C:\Users\Shelly\AppData\Loc...}, goog:chromeOptions: {debuggerAddress: localhost:61408}, networkConnectionEnabled: false, pageLoadStrategy: normal, platformName: WINDOWS, proxy: Proxy(), se:cdp: ws://localhost:61408/devtoo..., se:cdpVersion: 109.0.5414.120, setWindowRect: true, strictFileInteractability: false, timeouts: {implicit: 0, pageLoad: 300000, script: 30000}, unhandledPromptBehavior: dismiss and notify, webauthn:extension:credBlob: true, webauthn:extension:largeBlob: true, webauthn:virtualAuthenticators: true}
Session ID: ad63504c557070527c2a6fbb5fda9836
	at org.openqa.selenium.support.ui.WebDriverWait.timeoutException(WebDriverWait.java:87)
	at org.openqa.selenium.support.ui.FluentWait.until(FluentWait.java:231)
	at pages.Home.waitCardToBeClickable(Home.java:30)
	at surat_jalan_delivery_order.Freight_63.setUpTest(Freight_63.java:122)
... Removed 24 stack frames</div></td></tr></table><p class="totop"><a href="#summary">back to summary</a></p>
<h3 id="m56">surat_jalan_delivery_order.Freight_63#verifySOLOutstanding_box</h3><table class="result"><tr><th>Exception</th></tr><tr><td><div class="stacktrace">org.openqa.selenium.TimeoutException: Expected condition failed: waiting for element to be clickable: By.xpath: //div[contains(text(),&apos;SPK Rework Request Approval&apos;)] (tried for 10 second(s) with 500 milliseconds interval)
Build info: version: &apos;4.4.0&apos;, revision: &apos;e5c75ed026a&apos;
System info: host: &apos;LAPTOP-E00FH6K0&apos;, ip: &apos;172.21.32.1&apos;, os.name: &apos;Windows 11&apos;, os.arch: &apos;amd64&apos;, os.version: &apos;10.0&apos;, java.version: &apos;11.0.16.1&apos;
Driver info: org.openqa.selenium.chrome.ChromeDriver
Capabilities {acceptInsecureCerts: false, browserName: chrome, browserVersion: 109.0.5414.120, chrome: {chromedriverVersion: 109.0.5414.74 (e7c5703604da..., userDataDir: C:\Users\Shelly\AppData\Loc...}, goog:chromeOptions: {debuggerAddress: localhost:61408}, networkConnectionEnabled: false, pageLoadStrategy: normal, platformName: WINDOWS, proxy: Proxy(), se:cdp: ws://localhost:61408/devtoo..., se:cdpVersion: 109.0.5414.120, setWindowRect: true, strictFileInteractability: false, timeouts: {implicit: 0, pageLoad: 300000, script: 30000}, unhandledPromptBehavior: dismiss and notify, webauthn:extension:credBlob: true, webauthn:extension:largeBlob: true, webauthn:virtualAuthenticators: true}
Session ID: ad63504c557070527c2a6fbb5fda9836
	at org.openqa.selenium.support.ui.WebDriverWait.timeoutException(WebDriverWait.java:87)
	at org.openqa.selenium.support.ui.FluentWait.until(FluentWait.java:231)
	at pages.Home.waitCardToBeClickable(Home.java:30)
	at surat_jalan_delivery_order.Freight_63.setUpTest(Freight_63.java:122)
... Removed 24 stack frames</div></td></tr></table><p class="totop"><a href="#summary">back to summary</a></p>
<h3 id="m57">surat_jalan_delivery_order.Freight_63#verifySOLOutstanding_partisi</h3><table class="result"><tr><th>Exception</th></tr><tr><td><div class="stacktrace">org.openqa.selenium.TimeoutException: Expected condition failed: waiting for element to be clickable: By.xpath: //div[contains(text(),&apos;SPK Rework Request Approval&apos;)] (tried for 10 second(s) with 500 milliseconds interval)
Build info: version: &apos;4.4.0&apos;, revision: &apos;e5c75ed026a&apos;
System info: host: &apos;LAPTOP-E00FH6K0&apos;, ip: &apos;172.21.32.1&apos;, os.name: &apos;Windows 11&apos;, os.arch: &apos;amd64&apos;, os.version: &apos;10.0&apos;, java.version: &apos;11.0.16.1&apos;
Driver info: org.openqa.selenium.chrome.ChromeDriver
Capabilities {acceptInsecureCerts: false, browserName: chrome, browserVersion: 109.0.5414.120, chrome: {chromedriverVersion: 109.0.5414.74 (e7c5703604da..., userDataDir: C:\Users\Shelly\AppData\Loc...}, goog:chromeOptions: {debuggerAddress: localhost:61408}, networkConnectionEnabled: false, pageLoadStrategy: normal, platformName: WINDOWS, proxy: Proxy(), se:cdp: ws://localhost:61408/devtoo..., se:cdpVersion: 109.0.5414.120, setWindowRect: true, strictFileInteractability: false, timeouts: {implicit: 0, pageLoad: 300000, script: 30000}, unhandledPromptBehavior: dismiss and notify, webauthn:extension:credBlob: true, webauthn:extension:largeBlob: true, webauthn:virtualAuthenticators: true}
Session ID: ad63504c557070527c2a6fbb5fda9836
	at org.openqa.selenium.support.ui.WebDriverWait.timeoutException(WebDriverWait.java:87)
	at org.openqa.selenium.support.ui.FluentWait.until(FluentWait.java:231)
	at pages.Home.waitCardToBeClickable(Home.java:30)
	at surat_jalan_delivery_order.Freight_63.setUpTest(Freight_63.java:122)
... Removed 24 stack frames</div></td></tr></table><p class="totop"><a href="#summary">back to summary</a></p>
<h3 id="m58">surat_jalan_delivery_order.Freight_63#verifySOLStatus_box</h3><table class="result"><tr><th>Exception</th></tr><tr><td><div class="stacktrace">org.openqa.selenium.TimeoutException: Expected condition failed: waiting for element to be clickable: By.xpath: //div[contains(text(),&apos;SPK Rework Request Approval&apos;)] (tried for 10 second(s) with 500 milliseconds interval)
Build info: version: &apos;4.4.0&apos;, revision: &apos;e5c75ed026a&apos;
System info: host: &apos;LAPTOP-E00FH6K0&apos;, ip: &apos;172.21.32.1&apos;, os.name: &apos;Windows 11&apos;, os.arch: &apos;amd64&apos;, os.version: &apos;10.0&apos;, java.version: &apos;11.0.16.1&apos;
Driver info: org.openqa.selenium.chrome.ChromeDriver
Capabilities {acceptInsecureCerts: false, browserName: chrome, browserVersion: 109.0.5414.120, chrome: {chromedriverVersion: 109.0.5414.74 (e7c5703604da..., userDataDir: C:\Users\Shelly\AppData\Loc...}, goog:chromeOptions: {debuggerAddress: localhost:61408}, networkConnectionEnabled: false, pageLoadStrategy: normal, platformName: WINDOWS, proxy: Proxy(), se:cdp: ws://localhost:61408/devtoo..., se:cdpVersion: 109.0.5414.120, setWindowRect: true, strictFileInteractability: false, timeouts: {implicit: 0, pageLoad: 300000, script: 30000}, unhandledPromptBehavior: dismiss and notify, webauthn:extension:credBlob: true, webauthn:extension:largeBlob: true, webauthn:virtualAuthenticators: true}
Session ID: ad63504c557070527c2a6fbb5fda9836
	at org.openqa.selenium.support.ui.WebDriverWait.timeoutException(WebDriverWait.java:87)
	at org.openqa.selenium.support.ui.FluentWait.until(FluentWait.java:231)
	at pages.Home.waitCardToBeClickable(Home.java:30)
	at surat_jalan_delivery_order.Freight_63.setUpTest(Freight_63.java:122)
... Removed 24 stack frames</div></td></tr></table><p class="totop"><a href="#summary">back to summary</a></p>
<h3 id="m59">surat_jalan_delivery_order.Freight_63#verifySOLStatus_partisi</h3><table class="result"><tr><th>Exception</th></tr><tr><td><div class="stacktrace">org.openqa.selenium.TimeoutException: Expected condition failed: waiting for element to be clickable: By.xpath: //div[contains(text(),&apos;SPK Rework Request Approval&apos;)] (tried for 10 second(s) with 500 milliseconds interval)
Build info: version: &apos;4.4.0&apos;, revision: &apos;e5c75ed026a&apos;
System info: host: &apos;LAPTOP-E00FH6K0&apos;, ip: &apos;172.21.32.1&apos;, os.name: &apos;Windows 11&apos;, os.arch: &apos;amd64&apos;, os.version: &apos;10.0&apos;, java.version: &apos;11.0.16.1&apos;
Driver info: org.openqa.selenium.chrome.ChromeDriver
Capabilities {acceptInsecureCerts: false, browserName: chrome, browserVersion: 109.0.5414.120, chrome: {chromedriverVersion: 109.0.5414.74 (e7c5703604da..., userDataDir: C:\Users\Shelly\AppData\Loc...}, goog:chromeOptions: {debuggerAddress: localhost:61408}, networkConnectionEnabled: false, pageLoadStrategy: normal, platformName: WINDOWS, proxy: Proxy(), se:cdp: ws://localhost:61408/devtoo..., se:cdpVersion: 109.0.5414.120, setWindowRect: true, strictFileInteractability: false, timeouts: {implicit: 0, pageLoad: 300000, script: 30000}, unhandledPromptBehavior: dismiss and notify, webauthn:extension:credBlob: true, webauthn:extension:largeBlob: true, webauthn:virtualAuthenticators: true}
Session ID: ad63504c557070527c2a6fbb5fda9836
	at org.openqa.selenium.support.ui.WebDriverWait.timeoutException(WebDriverWait.java:87)
	at org.openqa.selenium.support.ui.FluentWait.until(FluentWait.java:231)
	at pages.Home.waitCardToBeClickable(Home.java:30)
	at surat_jalan_delivery_order.Freight_63.setUpTest(Freight_63.java:122)
... Removed 24 stack frames</div></td></tr></table><p class="totop"><a href="#summary">back to summary</a></p>
<h3 id="m60">surat_jalan_delivery_order.Freight_63#verifyStockBalance_box</h3><table class="result"><tr><th>Exception</th></tr><tr><td><div class="stacktrace">org.openqa.selenium.TimeoutException: Expected condition failed: waiting for element to be clickable: By.xpath: //div[contains(text(),&apos;SPK Rework Request Approval&apos;)] (tried for 10 second(s) with 500 milliseconds interval)
Build info: version: &apos;4.4.0&apos;, revision: &apos;e5c75ed026a&apos;
System info: host: &apos;LAPTOP-E00FH6K0&apos;, ip: &apos;172.21.32.1&apos;, os.name: &apos;Windows 11&apos;, os.arch: &apos;amd64&apos;, os.version: &apos;10.0&apos;, java.version: &apos;11.0.16.1&apos;
Driver info: org.openqa.selenium.chrome.ChromeDriver
Capabilities {acceptInsecureCerts: false, browserName: chrome, browserVersion: 109.0.5414.120, chrome: {chromedriverVersion: 109.0.5414.74 (e7c5703604da..., userDataDir: C:\Users\Shelly\AppData\Loc...}, goog:chromeOptions: {debuggerAddress: localhost:61408}, networkConnectionEnabled: false, pageLoadStrategy: normal, platformName: WINDOWS, proxy: Proxy(), se:cdp: ws://localhost:61408/devtoo..., se:cdpVersion: 109.0.5414.120, setWindowRect: true, strictFileInteractability: false, timeouts: {implicit: 0, pageLoad: 300000, script: 30000}, unhandledPromptBehavior: dismiss and notify, webauthn:extension:credBlob: true, webauthn:extension:largeBlob: true, webauthn:virtualAuthenticators: true}
Session ID: ad63504c557070527c2a6fbb5fda9836
	at org.openqa.selenium.support.ui.WebDriverWait.timeoutException(WebDriverWait.java:87)
	at org.openqa.selenium.support.ui.FluentWait.until(FluentWait.java:231)
	at pages.Home.waitCardToBeClickable(Home.java:30)
	at surat_jalan_delivery_order.Freight_63.setUpTest(Freight_63.java:122)
... Removed 24 stack frames</div></td></tr></table><p class="totop"><a href="#summary">back to summary</a></p>
<h3 id="m61">surat_jalan_delivery_order.Freight_63#verifyStockBalance_partisi1</h3><table class="result"><tr><th>Exception</th></tr><tr><td><div class="stacktrace">org.openqa.selenium.TimeoutException: Expected condition failed: waiting for element to be clickable: By.xpath: //div[contains(text(),&apos;SPK Rework Request Approval&apos;)] (tried for 10 second(s) with 500 milliseconds interval)
Build info: version: &apos;4.4.0&apos;, revision: &apos;e5c75ed026a&apos;
System info: host: &apos;LAPTOP-E00FH6K0&apos;, ip: &apos;172.21.32.1&apos;, os.name: &apos;Windows 11&apos;, os.arch: &apos;amd64&apos;, os.version: &apos;10.0&apos;, java.version: &apos;11.0.16.1&apos;
Driver info: org.openqa.selenium.chrome.ChromeDriver
Capabilities {acceptInsecureCerts: false, browserName: chrome, browserVersion: 109.0.5414.120, chrome: {chromedriverVersion: 109.0.5414.74 (e7c5703604da..., userDataDir: C:\Users\Shelly\AppData\Loc...}, goog:chromeOptions: {debuggerAddress: localhost:61408}, networkConnectionEnabled: false, pageLoadStrategy: normal, platformName: WINDOWS, proxy: Proxy(), se:cdp: ws://localhost:61408/devtoo..., se:cdpVersion: 109.0.5414.120, setWindowRect: true, strictFileInteractability: false, timeouts: {implicit: 0, pageLoad: 300000, script: 30000}, unhandledPromptBehavior: dismiss and notify, webauthn:extension:credBlob: true, webauthn:extension:largeBlob: true, webauthn:virtualAuthenticators: true}
Session ID: ad63504c557070527c2a6fbb5fda9836
	at org.openqa.selenium.support.ui.WebDriverWait.timeoutException(WebDriverWait.java:87)
	at org.openqa.selenium.support.ui.FluentWait.until(FluentWait.java:231)
	at pages.Home.waitCardToBeClickable(Home.java:30)
	at surat_jalan_delivery_order.Freight_63.setUpTest(Freight_63.java:122)
... Removed 24 stack frames</div></td></tr></table><p class="totop"><a href="#summary">back to summary</a></p>
<h3 id="m62">surat_jalan_delivery_order.Freight_63#verifyStockBalance_partisi2</h3><table class="result"><tr><th>Exception</th></tr><tr><td><div class="stacktrace">org.openqa.selenium.TimeoutException: Expected condition failed: waiting for element to be clickable: By.xpath: //div[contains(text(),&apos;SPK Rework Request Approval&apos;)] (tried for 10 second(s) with 500 milliseconds interval)
Build info: version: &apos;4.4.0&apos;, revision: &apos;e5c75ed026a&apos;
System info: host: &apos;LAPTOP-E00FH6K0&apos;, ip: &apos;172.21.32.1&apos;, os.name: &apos;Windows 11&apos;, os.arch: &apos;amd64&apos;, os.version: &apos;10.0&apos;, java.version: &apos;11.0.16.1&apos;
Driver info: org.openqa.selenium.chrome.ChromeDriver
Capabilities {acceptInsecureCerts: false, browserName: chrome, browserVersion: 109.0.5414.120, chrome: {chromedriverVersion: 109.0.5414.74 (e7c5703604da..., userDataDir: C:\Users\Shelly\AppData\Loc...}, goog:chromeOptions: {debuggerAddress: localhost:61408}, networkConnectionEnabled: false, pageLoadStrategy: normal, platformName: WINDOWS, proxy: Proxy(), se:cdp: ws://localhost:61408/devtoo..., se:cdpVersion: 109.0.5414.120, setWindowRect: true, strictFileInteractability: false, timeouts: {implicit: 0, pageLoad: 300000, script: 30000}, unhandledPromptBehavior: dismiss and notify, webauthn:extension:credBlob: true, webauthn:extension:largeBlob: true, webauthn:virtualAuthenticators: true}
Session ID: ad63504c557070527c2a6fbb5fda9836
	at org.openqa.selenium.support.ui.WebDriverWait.timeoutException(WebDriverWait.java:87)
	at org.openqa.selenium.support.ui.FluentWait.until(FluentWait.java:231)
	at pages.Home.waitCardToBeClickable(Home.java:30)
	at surat_jalan_delivery_order.Freight_63.setUpTest(Freight_63.java:122)
... Removed 24 stack frames</div></td></tr></table><p class="totop"><a href="#summary">back to summary</a></p>
<h3 id="m63">surat_jalan_delivery_order.Freight_63#verifySubtotal</h3><table class="result"><tr><th>Exception</th></tr><tr><td><div class="stacktrace">org.openqa.selenium.TimeoutException: Expected condition failed: waiting for element to be clickable: By.xpath: //div[contains(text(),&apos;SPK Rework Request Approval&apos;)] (tried for 10 second(s) with 500 milliseconds interval)
Build info: version: &apos;4.4.0&apos;, revision: &apos;e5c75ed026a&apos;
System info: host: &apos;LAPTOP-E00FH6K0&apos;, ip: &apos;172.21.32.1&apos;, os.name: &apos;Windows 11&apos;, os.arch: &apos;amd64&apos;, os.version: &apos;10.0&apos;, java.version: &apos;11.0.16.1&apos;
Driver info: org.openqa.selenium.chrome.ChromeDriver
Capabilities {acceptInsecureCerts: false, browserName: chrome, browserVersion: 109.0.5414.120, chrome: {chromedriverVersion: 109.0.5414.74 (e7c5703604da..., userDataDir: C:\Users\Shelly\AppData\Loc...}, goog:chromeOptions: {debuggerAddress: localhost:61408}, networkConnectionEnabled: false, pageLoadStrategy: normal, platformName: WINDOWS, proxy: Proxy(), se:cdp: ws://localhost:61408/devtoo..., se:cdpVersion: 109.0.5414.120, setWindowRect: true, strictFileInteractability: false, timeouts: {implicit: 0, pageLoad: 300000, script: 30000}, unhandledPromptBehavior: dismiss and notify, webauthn:extension:credBlob: true, webauthn:extension:largeBlob: true, webauthn:virtualAuthenticators: true}
Session ID: ad63504c557070527c2a6fbb5fda9836
	at org.openqa.selenium.support.ui.WebDriverWait.timeoutException(WebDriverWait.java:87)
	at org.openqa.selenium.support.ui.FluentWait.until(FluentWait.java:231)
	at pages.Home.waitCardToBeClickable(Home.java:30)
	at surat_jalan_delivery_order.Freight_63.setUpTest(Freight_63.java:122)
... Removed 24 stack frames</div></td></tr></table><p class="totop"><a href="#summary">back to summary</a></p>
<h3 id="m64">surat_jalan_delivery_order.Freight_63#verifyWorkOrderStatus_Box</h3><table class="result"><tr><th>Exception</th></tr><tr><td><div class="stacktrace">org.openqa.selenium.TimeoutException: Expected condition failed: waiting for element to be clickable: By.xpath: //div[contains(text(),&apos;SPK Rework Request Approval&apos;)] (tried for 10 second(s) with 500 milliseconds interval)
Build info: version: &apos;4.4.0&apos;, revision: &apos;e5c75ed026a&apos;
System info: host: &apos;LAPTOP-E00FH6K0&apos;, ip: &apos;172.21.32.1&apos;, os.name: &apos;Windows 11&apos;, os.arch: &apos;amd64&apos;, os.version: &apos;10.0&apos;, java.version: &apos;11.0.16.1&apos;
Driver info: org.openqa.selenium.chrome.ChromeDriver
Capabilities {acceptInsecureCerts: false, browserName: chrome, browserVersion: 109.0.5414.120, chrome: {chromedriverVersion: 109.0.5414.74 (e7c5703604da..., userDataDir: C:\Users\Shelly\AppData\Loc...}, goog:chromeOptions: {debuggerAddress: localhost:61408}, networkConnectionEnabled: false, pageLoadStrategy: normal, platformName: WINDOWS, proxy: Proxy(), se:cdp: ws://localhost:61408/devtoo..., se:cdpVersion: 109.0.5414.120, setWindowRect: true, strictFileInteractability: false, timeouts: {implicit: 0, pageLoad: 300000, script: 30000}, unhandledPromptBehavior: dismiss and notify, webauthn:extension:credBlob: true, webauthn:extension:largeBlob: true, webauthn:virtualAuthenticators: true}
Session ID: ad63504c557070527c2a6fbb5fda9836
	at org.openqa.selenium.support.ui.WebDriverWait.timeoutException(WebDriverWait.java:87)
	at org.openqa.selenium.support.ui.FluentWait.until(FluentWait.java:231)
	at pages.Home.waitCardToBeClickable(Home.java:30)
	at surat_jalan_delivery_order.Freight_63.setUpTest(Freight_63.java:122)
... Removed 24 stack frames</div></td></tr></table><p class="totop"><a href="#summary">back to summary</a></p>
<h3 id="m65">surat_jalan_delivery_order.Freight_63#verifyWorkOrderStatus_Partisi</h3><table class="result"><tr><th>Exception</th></tr><tr><td><div class="stacktrace">org.openqa.selenium.TimeoutException: Expected condition failed: waiting for element to be clickable: By.xpath: //div[contains(text(),&apos;SPK Rework Request Approval&apos;)] (tried for 10 second(s) with 500 milliseconds interval)
Build info: version: &apos;4.4.0&apos;, revision: &apos;e5c75ed026a&apos;
System info: host: &apos;LAPTOP-E00FH6K0&apos;, ip: &apos;172.21.32.1&apos;, os.name: &apos;Windows 11&apos;, os.arch: &apos;amd64&apos;, os.version: &apos;10.0&apos;, java.version: &apos;11.0.16.1&apos;
Driver info: org.openqa.selenium.chrome.ChromeDriver
Capabilities {acceptInsecureCerts: false, browserName: chrome, browserVersion: 109.0.5414.120, chrome: {chromedriverVersion: 109.0.5414.74 (e7c5703604da..., userDataDir: C:\Users\Shelly\AppData\Loc...}, goog:chromeOptions: {debuggerAddress: localhost:61408}, networkConnectionEnabled: false, pageLoadStrategy: normal, platformName: WINDOWS, proxy: Proxy(), se:cdp: ws://localhost:61408/devtoo..., se:cdpVersion: 109.0.5414.120, setWindowRect: true, strictFileInteractability: false, timeouts: {implicit: 0, pageLoad: 300000, script: 30000}, unhandledPromptBehavior: dismiss and notify, webauthn:extension:credBlob: true, webauthn:extension:largeBlob: true, webauthn:virtualAuthenticators: true}
Session ID: ad63504c557070527c2a6fbb5fda9836
	at org.openqa.selenium.support.ui.WebDriverWait.timeoutException(WebDriverWait.java:87)
	at org.openqa.selenium.support.ui.FluentWait.until(FluentWait.java:231)
	at pages.Home.waitCardToBeClickable(Home.java:30)
	at surat_jalan_delivery_order.Freight_63.setUpTest(Freight_63.java:122)
... Removed 24 stack frames</div></td></tr></table><p class="totop"><a href="#summary">back to summary</a></p>
</body>
</html>
