<?xml version="1.0" encoding="UTF-8"?>
<!-- Generated by org.testng.reporters.JUnitReportReporter -->
<testsuite hostname="LAPTOP-E00FH6K0" failures="0" tests="15" name="surat_jalan_delivery_order.Freight_63" time="16.733" errors="1" timestamp="2023-01-26T16:04:35 ICT" skipped="14">
  <testcase classname="surat_jalan_delivery_order.Freight_63" name="setUpTest" time="16.733">
    <error message="Expected condition failed: waiting for element to be clickable: By.xpath: //div[contains(text(),&#039;SPK Rework Request Approval&#039;)] (tried for 10 second(s) with 500 milliseconds interval)
Build info: version: &#039;4.4.0&#039;, revision: &#039;e5c75ed026a&#039;
System info: host: &#039;LAPTOP-E00FH6K0&#039;, ip: &#039;172.21.32.1&#039;, os.name: &#039;Windows 11&#039;, os.arch: &#039;amd64&#039;, os.version: &#039;10.0&#039;, java.version: &#039;11.0.16.1&#039;
Driver info: org.openqa.selenium.chrome.ChromeDriver
Capabilities {acceptInsecureCerts: false, browserName: chrome, browserVersion: 109.0.5414.120, chrome: {chromedriverVersion: 109.0.5414.74 (e7c5703604da..., userDataDir: C:\Users\Shelly\AppData\Loc...}, goog:chromeOptions: {debuggerAddress: localhost:61408}, networkConnectionEnabled: false, pageLoadStrategy: normal, platformName: WINDOWS, proxy: Proxy(), se:cdp: ws://localhost:61408/devtoo..., se:cdpVersion: 109.0.5414.120, setWindowRect: true, strictFileInteractability: false, timeouts: {implicit: 0, pageLoad: 300000, script: 30000}, unhandledPromptBehavior: dismiss and notify, webauthn:extension:credBlob: true, webauthn:extension:largeBlob: true, webauthn:virtualAuthenticators: true}
Session ID: ad63504c557070527c2a6fbb5fda9836" type="org.openqa.selenium.TimeoutException">
      <![CDATA[org.openqa.selenium.TimeoutException: Expected condition failed: waiting for element to be clickable: By.xpath: //div[contains(text(),'SPK Rework Request Approval')] (tried for 10 second(s) with 500 milliseconds interval)
Build info: version: '4.4.0', revision: 'e5c75ed026a'
System info: host: 'LAPTOP-E00FH6K0', ip: '172.21.32.1', os.name: 'Windows 11', os.arch: 'amd64', os.version: '10.0', java.version: '11.0.16.1'
Driver info: org.openqa.selenium.chrome.ChromeDriver
Capabilities {acceptInsecureCerts: false, browserName: chrome, browserVersion: 109.0.5414.120, chrome: {chromedriverVersion: 109.0.5414.74 (e7c5703604da..., userDataDir: C:\Users\Shelly\AppData\Loc...}, goog:chromeOptions: {debuggerAddress: localhost:61408}, networkConnectionEnabled: false, pageLoadStrategy: normal, platformName: WINDOWS, proxy: Proxy(), se:cdp: ws://localhost:61408/devtoo..., se:cdpVersion: 109.0.5414.120, setWindowRect: true, strictFileInteractability: false, timeouts: {implicit: 0, pageLoad: 300000, script: 30000}, unhandledPromptBehavior: dismiss and notify, webauthn:extension:credBlob: true, webauthn:extension:largeBlob: true, webauthn:virtualAuthenticators: true}
Session ID: ad63504c557070527c2a6fbb5fda9836
at org.openqa.selenium.support.ui.WebDriverWait.timeoutException(WebDriverWait.java:87)
at org.openqa.selenium.support.ui.FluentWait.until(FluentWait.java:231)
at pages.Home.waitCardToBeClickable(Home.java:30)
at surat_jalan_delivery_order.Freight_63.setUpTest(Freight_63.java:122)
at java.base/jdk.internal.reflect.NativeMethodAccessorImpl.invoke0(Native Method)
at java.base/jdk.internal.reflect.NativeMethodAccessorImpl.invoke(NativeMethodAccessorImpl.java:62)
at java.base/jdk.internal.reflect.DelegatingMethodAccessorImpl.invoke(DelegatingMethodAccessorImpl.java:43)
at java.base/java.lang.reflect.Method.invoke(Method.java:566)
at org.testng.internal.MethodInvocationHelper.invokeMethod(MethodInvocationHelper.java:133)
at org.testng.internal.MethodInvocationHelper.invokeMethodConsideringTimeout(MethodInvocationHelper.java:62)
at org.testng.internal.ConfigInvoker.invokeConfigurationMethod(ConfigInvoker.java:385)
at org.testng.internal.ConfigInvoker.invokeConfigurations(ConfigInvoker.java:321)
at org.testng.TestRunner.invokeTestConfigurations(TestRunner.java:637)
at org.testng.TestRunner.beforeRun(TestRunner.java:627)
at org.testng.TestRunner.run(TestRunner.java:589)
at org.testng.SuiteRunner.runTest(SuiteRunner.java:377)
at org.testng.SuiteRunner.runSequentially(SuiteRunner.java:371)
at org.testng.SuiteRunner.privateRun(SuiteRunner.java:332)
at org.testng.SuiteRunner.run(SuiteRunner.java:276)
at org.testng.SuiteRunnerWorker.runSuite(SuiteRunnerWorker.java:53)
at org.testng.SuiteRunnerWorker.run(SuiteRunnerWorker.java:96)
at org.testng.TestNG.runSuitesSequentially(TestNG.java:1212)
at org.testng.TestNG.runSuitesLocally(TestNG.java:1134)
at org.testng.TestNG.runSuites(TestNG.java:1063)
at org.testng.TestNG.run(TestNG.java:1031)
at org.testng.remote.AbstractRemoteTestNG.run(AbstractRemoteTestNG.java:115)
at org.testng.remote.RemoteTestNG.initAndRun(RemoteTestNG.java:251)
at org.testng.remote.RemoteTestNG.main(RemoteTestNG.java:77)
]]>
    </error>
  </testcase> <!-- setUpTest -->
  <system-out/>
  <testcase classname="surat_jalan_delivery_order.Freight_63" name="createSJRandVerifySubtotal" time="0.000">
    <skipped/>
  </testcase> <!-- createSJRandVerifySubtotal -->
  <system-out/>
  <testcase classname="surat_jalan_delivery_order.Freight_63" name="verifySubtotal" time="0.000">
    <skipped/>
  </testcase> <!-- verifySubtotal -->
  <system-out/>
  <testcase classname="surat_jalan_delivery_order.Freight_63" name="saveSJN" time="0.000">
    <skipped/>
  </testcase> <!-- saveSJN -->
  <system-out/>
  <testcase classname="surat_jalan_delivery_order.Freight_63" name="approvalSJR" time="0.000">
    <skipped/>
  </testcase> <!-- approvalSJR -->
  <system-out/>
  <testcase classname="surat_jalan_delivery_order.Freight_63" name="verifyWorkOrderStatus_Box" time="0.000">
    <skipped/>
  </testcase> <!-- verifyWorkOrderStatus_Box -->
  <system-out/>
  <testcase classname="surat_jalan_delivery_order.Freight_63" name="verifyWorkOrderStatus_Partisi" time="0.000">
    <skipped/>
  </testcase> <!-- verifyWorkOrderStatus_Partisi -->
  <system-out/>
  <testcase classname="surat_jalan_delivery_order.Freight_63" name="verifySOLStatus_box" time="0.000">
    <skipped/>
  </testcase> <!-- verifySOLStatus_box -->
  <system-out/>
  <testcase classname="surat_jalan_delivery_order.Freight_63" name="verifySOLOutstanding_box" time="0.000">
    <skipped/>
  </testcase> <!-- verifySOLOutstanding_box -->
  <system-out/>
  <testcase classname="surat_jalan_delivery_order.Freight_63" name="verifySOLStatus_partisi" time="0.000">
    <skipped/>
  </testcase> <!-- verifySOLStatus_partisi -->
  <system-out/>
  <testcase classname="surat_jalan_delivery_order.Freight_63" name="verifySOLOutstanding_partisi" time="0.000">
    <skipped/>
  </testcase> <!-- verifySOLOutstanding_partisi -->
  <system-out/>
  <testcase classname="surat_jalan_delivery_order.Freight_63" name="verifyNotaReturPenjualan" time="0.000">
    <skipped/>
  </testcase> <!-- verifyNotaReturPenjualan -->
  <system-out/>
  <testcase classname="surat_jalan_delivery_order.Freight_63" name="verifyStockBalance_box" time="0.000">
    <skipped/>
  </testcase> <!-- verifyStockBalance_box -->
  <system-out/>
  <testcase classname="surat_jalan_delivery_order.Freight_63" name="verifyStockBalance_partisi1" time="0.000">
    <skipped/>
  </testcase> <!-- verifyStockBalance_partisi1 -->
  <system-out/>
  <testcase classname="surat_jalan_delivery_order.Freight_63" name="verifyStockBalance_partisi2" time="0.000">
    <skipped/>
  </testcase> <!-- verifyStockBalance_partisi2 -->
  <system-out/>
</testsuite> <!-- surat_jalan_delivery_order.Freight_63 -->
